20:45:44 [Skill] INFO  Skill:139 - Connecting to Furhat server on 145.94.159.239:1932
20:45:45 [SpacereceptionistSkill] INFO  SpacereceptionistSkill:166 - Starting skill
20:46:16 [ErrorLoggingThread] ERROR SpacereceptionistSkill:459 - Exception in thread "SpacereceptionistSkill" java.lang.NoClassDefFoundError: furhatos/app/spacereceptionist/SocketClient
	at furhatos.app.mathtutor.flow.InteractionKt.<clinit>(interaction.kt:19)
	at furhatos.app.mathtutor.flow.GeneralKt$Idle$1$3.invoke(general.kt:34)
	at furhatos.app.mathtutor.flow.GeneralKt$Idle$1$3.invoke(general.kt)
	at furhatos.flow.kotlin.ExtensionsKt$onUserEnter$enterTrigger$1.invoke(extensions.kt:299)
	at furhatos.flow.kotlin.ExtensionsKt$onUserEnter$enterTrigger$1.invoke(extensions.kt)
	at furhatos.flow.kotlin.TriggerRunner.run(TriggerRunner.kt:31)
	at furhatos.flow.kotlin.Runner.runTrigger(Runner.kt:225)
	at furhatos.flow.kotlin.Runner.runTrigger$default(Runner.kt:197)
	at furhatos.flow.kotlin.StateRunner.reactToEvent(StateRunner.kt:235)
	at furhatos.flow.kotlin.StateRunner.run(StateRunner.kt:76)
	at furhatos.flow.kotlin.Flow.tailRecRun(Flow.kt:148)
	at furhatos.flow.kotlin.Flow.run(Flow.kt:112)
	at furhatos.app.mathtutor.SpacereceptionistSkill.start(main.kt:9)
	at furhatos.skills.Skill.initializeSkill(Skill.java:169)
	at furhatos.skills.Skill.lambda$startSkill$2(Skill.java:227)
	at java.lang.Thread.run(Thread.java:748)
Caused by: java.lang.ClassNotFoundException: furhatos.app.mathtutor.SocketClient
	at java.net.URLClassLoader.findClass(URLClassLoader.java:382)
	at java.lang.ClassLoader.loadClass(ClassLoader.java:418)
	at sun.misc.Launcher$AppClassLoader.loadClass(Launcher.java:352)
	at java.lang.ClassLoader.loadClass(ClassLoader.java:351)
	... 16 more

20:46:40 [ErrorLoggingThread] ERROR SpacereceptionistSkill:459 - Flow - unknown - A flow's queue is full, could not add furhatos.event.senses.SenseUsers
Flow - unknown - A flow's queue is full, could not add furhatos.event.actions.ActionGaze
Flow - unknown - A flow's queue is full, could not add furhatos.event.actions.ActionVirtualUserUpdate
Flow - unknown - A flow's queue is full, could not add furhatos.event.senses.SenseUsers
Flow - unknown - A flow's queue is full, could not add furhatos.event.actions.ActionGaze
Flow - unknown - A flow's queue is full, could not add furhatos.event.actions.ActionVirtualUserUpdate
Flow - unknown - A flow's queue is full, could not add furhatos.event.senses.SenseUsers
Flow - unknown - A flow's queue is full, could not add furhatos.event.actions.ActionGaze
Flow - unknown - A flow's queue is full, could not add furhatos.event.actions.ActionVirtualUserUpdate
Flow - unknown - A flow's queue is full, could not add furhatos.event.senses.SenseUsers
Flow - unknown - A flow's queue is full, could not add furhatos.event.actions.ActionGaze
Flow - unknown - A flow's queue is full, could not add furhatos.event.actions.ActionVirtualUserUpdate
Flow - unknown - A flow's queue is full, could not add furhatos.event.monitors.MonitorGaze
Flow - unknown - A flow's queue is full, could not add furhatos.event.senses.SenseUsers
Flow - unknown - A flow's queue is full, could not add furhatos.event.actions.ActionGaze
Flow - unknown - A flow's queue is full, could not add furhatos.event.actions.ActionVirtualUserUpdate
Flow - unknown - A flow's queue is full, could not add furhatos.event.senses.SenseUsers
Flow - unknown - A flow's queue is full, could not add furhatos.event.actions.ActionGaze

20:46:40 [ErrorLoggingThread] ERROR SpacereceptionistSkill:459 - Flow - unknown - A flow's queue is full, could not add furhatos.event.actions.ActionLog

20:46:43 [ErrorLoggingThread] ERROR SpacereceptionistSkill:459 - Flow - unknown - A flow's queue is full, could not add furhatos.event.actions.ActionGesture
Flow - unknown - A flow's queue is full, could not add furhatos.event.monitors.MonitorGestureStart

20:46:44 [ErrorLoggingThread] ERROR SpacereceptionistSkill:459 - Flow - unknown - A flow's queue is full, could not add furhatos.event.monitors.MonitorGestureEnd

20:46:51 [ErrorLoggingThread] ERROR SpacereceptionistSkill:459 - Flow - unknown - A flow's queue is full, could not add furhatos.event.actions.ActionGesture
Flow - unknown - A flow's queue is full, could not add furhatos.event.monitors.MonitorGestureStart

20:46:51 [ErrorLoggingThread] ERROR SpacereceptionistSkill:459 - Flow - unknown - A flow's queue is full, could not add furhatos.event.monitors.MonitorGestureEnd

20:46:56 [ErrorLoggingThread] ERROR SpacereceptionistSkill:459 - Flow - unknown - A flow's queue is full, could not add furhatos.event.actions.ActionGesture
Flow - unknown - A flow's queue is full, could not add furhatos.event.monitors.MonitorGestureStart

20:46:56 [ErrorLoggingThread] ERROR SpacereceptionistSkill:459 - Flow - unknown - A flow's queue is full, could not add furhatos.event.monitors.MonitorGestureEnd

20:46:59 [ErrorLoggingThread] ERROR SpacereceptionistSkill:459 - Flow - unknown - A flow's queue is full, could not add furhatos.event.actions.ActionGesture
Flow - unknown - A flow's queue is full, could not add furhatos.event.monitors.MonitorGestureStart

20:47:00 [ErrorLoggingThread] ERROR SpacereceptionistSkill:459 - Flow - unknown - A flow's queue is full, could not add furhatos.event.monitors.MonitorGestureEnd

20:47:06 [ErrorLoggingThread] ERROR SpacereceptionistSkill:459 - Flow - unknown - A flow's queue is full, could not add furhatos.event.actions.ActionGesture
Flow - unknown - A flow's queue is full, could not add furhatos.event.monitors.MonitorGestureStart

20:47:07 [ErrorLoggingThread] ERROR SpacereceptionistSkill:459 - Flow - unknown - A flow's queue is full, could not add furhatos.event.monitors.MonitorGestureEnd

20:47:09 [ErrorLoggingThread] ERROR SpacereceptionistSkill:459 - Flow - unknown - A flow's queue is full, could not add furhatos.event.actions.ActionGesture
Flow - unknown - A flow's queue is full, could not add furhatos.event.monitors.MonitorGestureStart

20:47:10 [ErrorLoggingThread] ERROR SpacereceptionistSkill:459 - Flow - unknown - A flow's queue is full, could not add furhatos.event.monitors.MonitorGestureEnd

23:07:18 [EventSystem] INFO  SpacereceptionistSkill:184 - Terminating skill
