17:10:45 [Skill] INFO  Skill:139 - Connecting to Furhat server on 145.94.156.35:1932
17:10:46 [MathTutorSkill] INFO  MathTutorSkill:166 - Starting skill
17:10:59 [ErrorLoggingThread] ERROR MathTutorSkill:459 - Exception in thread "MathTutorSkill" java.lang.NoClassDefFoundError: furhatos/app/mathtutor/SocketClient
	at furhatos.app.mathtutor.Affect.<init>(users.kt:14)
	at furhatos.app.mathtutor.UsersKt.getEmotion(users.kt:11)
	at furhatos.app.mathtutor.flow.InteractionKt$Start$1$2.invoke(interaction.kt:33)
	at furhatos.app.mathtutor.flow.InteractionKt$Start$1$2.invoke(interaction.kt)
	at furhatos.flow.kotlin.StateRunner.runReentryTrigger(StateRunner.kt:196)
	at furhatos.flow.kotlin.StateRunner.run(StateRunner.kt:67)
	at furhatos.flow.kotlin.Flow.tailRecRun(Flow.kt:148)
	at furhatos.flow.kotlin.Flow.run(Flow.kt:112)
	at furhatos.app.mathtutor.MathTutorSkill.start(main.kt:9)
	at furhatos.skills.Skill.initializeSkill(Skill.java:169)
	at furhatos.skills.Skill.lambda$startSkill$2(Skill.java:227)
	at java.lang.Thread.run(Thread.java:748)
Caused by: java.lang.ClassNotFoundException: furhatos.app.mathtutor.SocketClient
	at java.net.URLClassLoader.findClass(URLClassLoader.java:382)
	at java.lang.ClassLoader.loadClass(ClassLoader.java:418)
	at sun.misc.Launcher$AppClassLoader.loadClass(Launcher.java:352)
	at java.lang.ClassLoader.loadClass(ClassLoader.java:351)
	... 12 more

17:11:23 [ErrorLoggingThread] ERROR MathTutorSkill:459 - Flow - unknown - A flow's queue is full, could not add furhatos.event.monitors.MonitorGestureEnd

17:11:25 [ErrorLoggingThread] ERROR MathTutorSkill:459 - Flow - unknown - A flow's queue is full, could not add furhatos.event.actions.ActionVirtualUserUpdate
Flow - unknown - A flow's queue is full, could not add furhatos.event.senses.SenseUsers
Flow - unknown - A flow's queue is full, could not add furhatos.event.actions.ActionGaze
Flow - unknown - A flow's queue is full, could not add furhatos.event.actions.ActionVirtualUserUpdate
Flow - unknown - A flow's queue is full, could not add furhatos.event.monitors.MonitorGaze
Flow - unknown - A flow's queue is full, could not add furhatos.event.senses.SenseUsers
Flow - unknown - A flow's queue is full, could not add furhatos.event.actions.ActionGaze
Flow - unknown - A flow's queue is full, could not add furhatos.event.actions.ActionVirtualUserUpdate
Flow - unknown - A flow's queue is full, could not add furhatos.event.senses.SenseUsers
Flow - unknown - A flow's queue is full, could not add furhatos.event.actions.ActionGaze
Flow - unknown - A flow's queue is full, could not add furhatos.event.actions.ActionVirtualUserUpdate
Flow - unknown - A flow's queue is full, could not add furhatos.event.senses.SenseUsers
Flow - unknown - A flow's queue is full, could not add furhatos.event.actions.ActionGaze
Flow - unknown - A flow's queue is full, could not add furhatos.event.monitors.MonitorGaze
Flow - unknown - A flow's queue is full, could not add furhatos.event.actions.ActionVirtualUserUpdate
Flow - unknown - A flow's queue is full, could not add furhatos.event.senses.SenseUsers
Flow - unknown - A flow's queue is full, could not add furhatos.event.actions.ActionGaze
Flow - unknown - A flow's queue is full, could not add furhatos.event.actions.ActionVirtualUserUpdate
Flow - unknown - A flow's queue is full, could not add furhatos.event.senses.SenseUsers
Flow - unknown - A flow's queue is full, could not add furhatos.event.actions.ActionGaze
Flow - unknown - A flow's queue is full, could not add furhatos.event.monitors.MonitorGaze
Flow - unknown - A flow's queue is full, could not add furhatos.event.actions.ActionVirtualUserUpdate
Flow - unknown - A flow's queue is full, could not add furhatos.event.senses.SenseUsers
Flow - unknown - A flow's queue is full, could not add furhatos.event.actions.ActionGaze

17:11:27 [ErrorLoggingThread] ERROR MathTutorSkill:459 - Flow - unknown - A flow's queue is full, could not add furhatos.event.actions.ActionVirtualUserUpdate
Flow - unknown - A flow's queue is full, could not add furhatos.event.senses.SenseUsers
Flow - unknown - A flow's queue is full, could not add furhatos.event.actions.ActionGaze
Flow - unknown - A flow's queue is full, could not add furhatos.event.monitors.MonitorGaze
Flow - unknown - A flow's queue is full, could not add furhatos.event.actions.ActionVirtualUserUpdate
Flow - unknown - A flow's queue is full, could not add furhatos.event.senses.SenseUsers
Flow - unknown - A flow's queue is full, could not add furhatos.event.actions.ActionGaze
Flow - unknown - A flow's queue is full, could not add furhatos.event.monitors.MonitorGaze
Flow - unknown - A flow's queue is full, could not add furhatos.event.actions.ActionVirtualUserUpdate
Flow - unknown - A flow's queue is full, could not add furhatos.event.senses.SenseUsers
Flow - unknown - A flow's queue is full, could not add furhatos.event.actions.ActionGaze
Flow - unknown - A flow's queue is full, could not add furhatos.event.monitors.MonitorGaze
Flow - unknown - A flow's queue is full, could not add furhatos.event.actions.ActionVirtualUserUpdate
Flow - unknown - A flow's queue is full, could not add furhatos.event.senses.SenseUsers
Flow - unknown - A flow's queue is full, could not add furhatos.event.actions.ActionGaze
Flow - unknown - A flow's queue is full, could not add furhatos.event.monitors.MonitorGaze
Flow - unknown - A flow's queue is full, could not add furhatos.event.actions.ActionVirtualUserUpdate
Flow - unknown - A flow's queue is full, could not add furhatos.event.senses.SenseUsers
Flow - unknown - A flow's queue is full, could not add furhatos.event.actions.ActionGaze
Flow - unknown - A flow's queue is full, could not add furhatos.event.monitors.MonitorGaze
Flow - unknown - A flow's queue is full, could not add furhatos.event.actions.ActionVirtualUserUpdate
Flow - unknown - A flow's queue is full, could not add furhatos.event.senses.SenseUsers
Flow - unknown - A flow's queue is full, could not add furhatos.event.senses.SenseUserLeave
Flow - unknown - A flow's queue is full, could not add furhatos.event.senses.SenseUserStatus
Flow - unknown - A flow's queue is full, could not add furhatos.event.actions.ActionGaze
Flow - unknown - A flow's queue is full, could not add furhatos.event.monitors.MonitorGaze
Flow - unknown - A flow's queue is full, could not add furhatos.event.actions.ActionVirtualUserUpdate
Flow - unknown - A flow's queue is full, could not add furhatos.event.senses.SenseUsers
Flow - unknown - A flow's queue is full, could not add furhatos.event.actions.ActionGaze
Flow - unknown - A flow's queue is full, could not add furhatos.event.monitors.MonitorGaze
Flow - unknown - A flow's queue is full, could not add furhatos.event.actions.ActionVirtualUserUpdate
Flow - unknown - A flow's queue is full, could not add furhatos.event.senses.SenseUsers
Flow - unknown - A flow's queue is full, could not add furhatos.event.actions.ActionGaze
Flow - unknown - A flow's queue is full, could not add furhatos.event.monitors.MonitorGaze
Flow - unknown - A flow's queue is full, could not add furhatos.event.actions.ActionVirtualUserUpdate
Flow - unknown - A flow's queue is full, could not add furhatos.event.senses.SenseUsers
Flow - unknown - A flow's queue is full, could not add furhatos.event.actions.ActionGaze
Flow - unknown - A flow's queue is full, could not add furhatos.event.monitors.MonitorGaze
Flow - unknown - A flow's queue is full, could not add furhatos.event.actions.ActionVirtualUserUpdate
Flow - unknown - A flow's queue is full, could not add furhatos.event.senses.SenseUsers
Flow - unknown - A flow's queue is full, could not add furhatos.event.actions.ActionGaze

17:11:29 [ErrorLoggingThread] ERROR MathTutorSkill:459 - Flow - unknown - A flow's queue is full, could not add furhatos.event.actions.ActionGesture
Flow - unknown - A flow's queue is full, could not add furhatos.event.monitors.MonitorGestureStart
Flow - unknown - A flow's queue is full, could not add furhatos.event.actions.ActionVirtualUserUpdate
Flow - unknown - A flow's queue is full, could not add furhatos.event.senses.SenseUsers
Flow - unknown - A flow's queue is full, could not add furhatos.event.actions.ActionGaze
Flow - unknown - A flow's queue is full, could not add furhatos.event.monitors.MonitorGaze
Flow - unknown - A flow's queue is full, could not add furhatos.event.actions.ActionVirtualUserUpdate
Flow - unknown - A flow's queue is full, could not add furhatos.event.senses.SenseUsers
Flow - unknown - A flow's queue is full, could not add furhatos.event.actions.ActionGaze
Flow - unknown - A flow's queue is full, could not add furhatos.event.actions.ActionVirtualUserUpdate
Flow - unknown - A flow's queue is full, could not add furhatos.event.senses.SenseUsers
Flow - unknown - A flow's queue is full, could not add furhatos.event.actions.ActionGaze
Flow - unknown - A flow's queue is full, could not add furhatos.event.actions.ActionVirtualUserUpdate
Flow - unknown - A flow's queue is full, could not add furhatos.event.senses.SenseUsers
Flow - unknown - A flow's queue is full, could not add furhatos.event.actions.ActionGaze
Flow - unknown - A flow's queue is full, could not add furhatos.event.monitors.MonitorGaze
Flow - unknown - A flow's queue is full, could not add furhatos.event.actions.ActionVirtualUserUpdate
Flow - unknown - A flow's queue is full, could not add furhatos.event.senses.SenseUsers
Flow - unknown - A flow's queue is full, could not add furhatos.event.actions.ActionGaze
Flow - unknown - A flow's queue is full, could not add furhatos.event.monitors.MonitorGaze
Flow - unknown - A flow's queue is full, could not add furhatos.event.actions.ActionVirtualUserUpdate
Flow - unknown - A flow's queue is full, could not add furhatos.event.senses.SenseUsers
Flow - unknown - A flow's queue is full, could not add furhatos.event.actions.ActionGaze
Flow - unknown - A flow's queue is full, could not add furhatos.event.monitors.MonitorGaze
Flow - unknown - A flow's queue is full, could not add furhatos.event.actions.ActionVirtualUserUpdate
Flow - unknown - A flow's queue is full, could not add furhatos.event.senses.SenseUsers
Flow - unknown - A flow's queue is full, could not add furhatos.event.actions.ActionGaze
Flow - unknown - A flow's queue is full, could not add furhatos.event.monitors.MonitorGaze
Flow - unknown - A flow's queue is full, could not add furhatos.event.actions.ActionVirtualUserUpdate
Flow - unknown - A flow's queue is full, could not add furhatos.event.senses.SenseUsers
Flow - unknown - A flow's queue is full, could not add furhatos.event.actions.ActionGaze
Flow - unknown - A flow's queue is full, could not add furhatos.event.monitors.MonitorGaze
Flow - unknown - A flow's queue is full, could not add furhatos.event.actions.ActionVirtualUserUpdate
Flow - unknown - A flow's queue is full, could not add furhatos.event.senses.SenseUsers
Flow - unknown - A flow's queue is full, could not add furhatos.event.actions.ActionGaze
Flow - unknown - A flow's queue is full, could not add furhatos.event.monitors.MonitorGaze
Flow - unknown - A flow's queue is full, could not add furhatos.event.actions.ActionVirtualUserUpdate
Flow - unknown - A flow's queue is full, could not add furhatos.event.senses.SenseUsers
Flow - unknown - A flow's queue is full, could not add furhatos.event.senses.SenseUserEnter
Flow - unknown - A flow's queue is full, could not add furhatos.event.senses.SenseUserStatus
Flow - unknown - A flow's queue is full, could not add furhatos.event.actions.ActionGaze
Flow - unknown - A flow's queue is full, could not add furhatos.event.monitors.MonitorGaze
Flow - unknown - A flow's queue is full, could not add furhatos.event.actions.ActionVirtualUserUpdate
Flow - unknown - A flow's queue is full, could not add furhatos.event.senses.SenseUsers
Flow - unknown - A flow's queue is full, could not add furhatos.event.actions.ActionGaze
Flow - unknown - A flow's queue is full, could not add furhatos.event.actions.ActionVirtualUserUpdate
Flow - unknown - A flow's queue is full, could not add furhatos.event.senses.SenseUsers
Flow - unknown - A flow's queue is full, could not add furhatos.event.actions.ActionGaze
Flow - unknown - A flow's queue is full, could not add furhatos.event.monitors.MonitorGaze
Flow - unknown - A flow's queue is full, could not add furhatos.event.monitors.MonitorGestureEnd

17:11:31 [ErrorLoggingThread] ERROR MathTutorSkill:459 - Flow - unknown - A flow's queue is full, could not add furhatos.event.actions.ActionVirtualUserAdd
Flow - unknown - A flow's queue is full, could not add furhatos.event.senses.SenseUsers
Flow - unknown - A flow's queue is full, could not add furhatos.event.actions.ActionGaze

17:11:33 [ErrorLoggingThread] ERROR MathTutorSkill:459 - Flow - unknown - A flow's queue is full, could not add furhatos.event.actions.ActionVirtualUserUpdate
Flow - unknown - A flow's queue is full, could not add furhatos.event.senses.SenseUsers
Flow - unknown - A flow's queue is full, could not add furhatos.event.actions.ActionGaze
Flow - unknown - A flow's queue is full, could not add furhatos.event.actions.ActionVirtualUserUpdate
Flow - unknown - A flow's queue is full, could not add furhatos.event.senses.SenseUsers
Flow - unknown - A flow's queue is full, could not add furhatos.event.actions.ActionGaze
Flow - unknown - A flow's queue is full, could not add furhatos.event.actions.ActionVirtualUserUpdate
Flow - unknown - A flow's queue is full, could not add furhatos.event.senses.SenseUsers
Flow - unknown - A flow's queue is full, could not add furhatos.event.actions.ActionGaze
Flow - unknown - A flow's queue is full, could not add furhatos.event.actions.ActionVirtualUserUpdate
Flow - unknown - A flow's queue is full, could not add furhatos.event.senses.SenseUsers
Flow - unknown - A flow's queue is full, could not add furhatos.event.actions.ActionGaze
Flow - unknown - A flow's queue is full, could not add furhatos.event.actions.ActionVirtualUserUpdate
Flow - unknown - A flow's queue is full, could not add furhatos.event.senses.SenseUsers
Flow - unknown - A flow's queue is full, could not add furhatos.event.actions.ActionGaze
Flow - unknown - A flow's queue is full, could not add furhatos.event.actions.ActionVirtualUserUpdate
Flow - unknown - A flow's queue is full, could not add furhatos.event.senses.SenseUsers
Flow - unknown - A flow's queue is full, could not add furhatos.event.actions.ActionGaze
Flow - unknown - A flow's queue is full, could not add furhatos.event.actions.ActionVirtualUserUpdate
Flow - unknown - A flow's queue is full, could not add furhatos.event.senses.SenseUsers
Flow - unknown - A flow's queue is full, could not add furhatos.event.senses.SenseUserEnter
Flow - unknown - A flow's queue is full, could not add furhatos.event.senses.SenseUserStatus
Flow - unknown - A flow's queue is full, could not add furhatos.event.actions.ActionGaze
Flow - unknown - A flow's queue is full, could not add furhatos.event.actions.ActionVirtualUserUpdate
Flow - unknown - A flow's queue is full, could not add furhatos.event.senses.SenseUsers
Flow - unknown - A flow's queue is full, could not add furhatos.event.actions.ActionGaze
Flow - unknown - A flow's queue is full, could not add furhatos.event.actions.ActionVirtualUserUpdate
Flow - unknown - A flow's queue is full, could not add furhatos.event.senses.SenseUsers
Flow - unknown - A flow's queue is full, could not add furhatos.event.actions.ActionGaze
Flow - unknown - A flow's queue is full, could not add furhatos.event.actions.ActionVirtualUserUpdate
Flow - unknown - A flow's queue is full, could not add furhatos.event.senses.SenseUsers
Flow - unknown - A flow's queue is full, could not add furhatos.event.actions.ActionGaze
Flow - unknown - A flow's queue is full, could not add furhatos.event.actions.ActionVirtualUserUpdate
Flow - unknown - A flow's queue is full, could not add furhatos.event.senses.SenseUsers
Flow - unknown - A flow's queue is full, could not add furhatos.event.actions.ActionGaze

17:11:35 [ErrorLoggingThread] ERROR MathTutorSkill:459 - Flow - unknown - A flow's queue is full, could not add furhatos.event.actions.ActionVirtualUserUpdate
Flow - unknown - A flow's queue is full, could not add furhatos.event.senses.SenseUsers
Flow - unknown - A flow's queue is full, could not add furhatos.event.actions.ActionGaze
Flow - unknown - A flow's queue is full, could not add furhatos.event.actions.ActionVirtualUserUpdate
Flow - unknown - A flow's queue is full, could not add furhatos.event.senses.SenseUsers
Flow - unknown - A flow's queue is full, could not add furhatos.event.actions.ActionGaze
Flow - unknown - A flow's queue is full, could not add furhatos.event.actions.ActionVirtualUserUpdate
Flow - unknown - A flow's queue is full, could not add furhatos.event.senses.SenseUsers
Flow - unknown - A flow's queue is full, could not add furhatos.event.actions.ActionGaze
Flow - unknown - A flow's queue is full, could not add furhatos.event.actions.ActionVirtualUserUpdate
Flow - unknown - A flow's queue is full, could not add furhatos.event.senses.SenseUsers
Flow - unknown - A flow's queue is full, could not add furhatos.event.actions.ActionGaze
Flow - unknown - A flow's queue is full, could not add furhatos.event.actions.ActionVirtualUserUpdate
Flow - unknown - A flow's queue is full, could not add furhatos.event.senses.SenseUsers
Flow - unknown - A flow's queue is full, could not add furhatos.event.actions.ActionGaze
Flow - unknown - A flow's queue is full, could not add furhatos.event.actions.ActionVirtualUserUpdate
Flow - unknown - A flow's queue is full, could not add furhatos.event.senses.SenseUsers
Flow - unknown - A flow's queue is full, could not add furhatos.event.actions.ActionGaze
Flow - unknown - A flow's queue is full, could not add furhatos.event.actions.ActionVirtualUserUpdate
Flow - unknown - A flow's queue is full, could not add furhatos.event.senses.SenseUsers
Flow - unknown - A flow's queue is full, could not add furhatos.event.actions.ActionGaze
Flow - unknown - A flow's queue is full, could not add furhatos.event.actions.ActionVirtualUserUpdate
Flow - unknown - A flow's queue is full, could not add furhatos.event.senses.SenseUsers
Flow - unknown - A flow's queue is full, could not add furhatos.event.actions.ActionGaze
Flow - unknown - A flow's queue is full, could not add furhatos.event.actions.ActionVirtualUserUpdate
Flow - unknown - A flow's queue is full, could not add furhatos.event.senses.SenseUsers
Flow - unknown - A flow's queue is full, could not add furhatos.event.actions.ActionGaze
Flow - unknown - A flow's queue is full, could not add furhatos.event.actions.ActionVirtualUserUpdate
Flow - unknown - A flow's queue is full, could not add furhatos.event.senses.SenseUsers
Flow - unknown - A flow's queue is full, could not add furhatos.event.actions.ActionGaze
Flow - unknown - A flow's queue is full, could not add furhatos.event.actions.ActionVirtualUserUpdate
Flow - unknown - A flow's queue is full, could not add furhatos.event.senses.SenseUsers
Flow - unknown - A flow's queue is full, could not add furhatos.event.actions.ActionGaze
Flow - unknown - A flow's queue is full, could not add furhatos.event.actions.ActionVirtualUserUpdate
Flow - unknown - A flow's queue is full, could not add furhatos.event.senses.SenseUsers
Flow - unknown - A flow's queue is full, could not add furhatos.event.actions.ActionGaze
Flow - unknown - A flow's queue is full, could not add furhatos.event.actions.ActionVirtualUserUpdate
Flow - unknown - A flow's queue is full, could not add furhatos.event.senses.SenseUsers
Flow - unknown - A flow's queue is full, could not add furhatos.event.actions.ActionGaze
Flow - unknown - A flow's queue is full, could not add furhatos.event.actions.ActionVirtualUserUpdate
Flow - unknown - A flow's queue is full, could not add furhatos.event.senses.SenseUsers
Flow - unknown - A flow's queue is full, could not add furhatos.event.actions.ActionGaze

17:11:36 [ErrorLoggingThread] ERROR MathTutorSkill:459 - Flow - unknown - A flow's queue is full, could not add furhatos.event.actions.ActionGesture
Flow - unknown - A flow's queue is full, could not add furhatos.event.monitors.MonitorGestureStart

17:11:37 [ErrorLoggingThread] ERROR MathTutorSkill:459 - Flow - unknown - A flow's queue is full, could not add furhatos.event.monitors.MonitorGestureEnd

17:11:39 [ErrorLoggingThread] ERROR MathTutorSkill:459 - Flow - unknown - A flow's queue is full, could not add furhatos.event.actions.ActionGesture
Flow - unknown - A flow's queue is full, could not add furhatos.event.monitors.MonitorGestureStart

17:11:39 [ErrorLoggingThread] ERROR MathTutorSkill:459 - Flow - unknown - A flow's queue is full, could not add furhatos.event.monitors.MonitorGestureEnd

17:11:40 [ErrorLoggingThread] ERROR MathTutorSkill:459 - Flow - unknown - A flow's queue is full, could not add furhatos.event.actions.ActionVirtualUserRemove
Flow - unknown - A flow's queue is full, could not add furhatos.event.senses.SenseUsers
Flow - unknown - A flow's queue is full, could not add furhatos.event.senses.SenseUserLeave
Flow - unknown - A flow's queue is full, could not add furhatos.event.senses.SenseUserStatus
Flow - unknown - A flow's queue is full, could not add furhatos.event.actions.ActionGaze

17:11:41 [ErrorLoggingThread] ERROR MathTutorSkill:459 - Flow - unknown - A flow's queue is full, could not add furhatos.event.actions.ActionVirtualUserUpdate
Flow - unknown - A flow's queue is full, could not add furhatos.event.senses.SenseUsers
Flow - unknown - A flow's queue is full, could not add furhatos.event.actions.ActionGaze
Flow - unknown - A flow's queue is full, could not add furhatos.event.actions.ActionVirtualUserUpdate
Flow - unknown - A flow's queue is full, could not add furhatos.event.monitors.MonitorGaze
Flow - unknown - A flow's queue is full, could not add furhatos.event.senses.SenseUsers
Flow - unknown - A flow's queue is full, could not add furhatos.event.actions.ActionGaze
Flow - unknown - A flow's queue is full, could not add furhatos.event.monitors.MonitorGaze
Flow - unknown - A flow's queue is full, could not add furhatos.event.actions.ActionVirtualUserUpdate
Flow - unknown - A flow's queue is full, could not add furhatos.event.senses.SenseUsers
Flow - unknown - A flow's queue is full, could not add furhatos.event.actions.ActionGaze
Flow - unknown - A flow's queue is full, could not add furhatos.event.monitors.MonitorGaze
Flow - unknown - A flow's queue is full, could not add furhatos.event.actions.ActionVirtualUserUpdate
Flow - unknown - A flow's queue is full, could not add furhatos.event.senses.SenseUsers
Flow - unknown - A flow's queue is full, could not add furhatos.event.actions.ActionGaze
Flow - unknown - A flow's queue is full, could not add furhatos.event.monitors.MonitorGaze
Flow - unknown - A flow's queue is full, could not add furhatos.event.actions.ActionVirtualUserUpdate
Flow - unknown - A flow's queue is full, could not add furhatos.event.senses.SenseUsers
Flow - unknown - A flow's queue is full, could not add furhatos.event.actions.ActionGaze
Flow - unknown - A flow's queue is full, could not add furhatos.event.monitors.MonitorGaze
Flow - unknown - A flow's queue is full, could not add furhatos.event.actions.ActionVirtualUserUpdate
Flow - unknown - A flow's queue is full, could not add furhatos.event.senses.SenseUsers
Flow - unknown - A flow's queue is full, could not add furhatos.event.actions.ActionGaze
Flow - unknown - A flow's queue is full, could not add furhatos.event.actions.ActionVirtualUserUpdate
Flow - unknown - A flow's queue is full, could not add furhatos.event.senses.SenseUsers
Flow - unknown - A flow's queue is full, could not add furhatos.event.actions.ActionGaze
Flow - unknown - A flow's queue is full, could not add furhatos.event.monitors.MonitorGaze
Flow - unknown - A flow's queue is full, could not add furhatos.event.actions.ActionVirtualUserUpdate
Flow - unknown - A flow's queue is full, could not add furhatos.event.senses.SenseUsers
Flow - unknown - A flow's queue is full, could not add furhatos.event.actions.ActionGaze
Flow - unknown - A flow's queue is full, could not add furhatos.event.monitors.MonitorGaze
Flow - unknown - A flow's queue is full, could not add furhatos.event.actions.ActionVirtualUserUpdate
Flow - unknown - A flow's queue is full, could not add furhatos.event.senses.SenseUsers
Flow - unknown - A flow's queue is full, could not add furhatos.event.actions.ActionGaze
Flow - unknown - A flow's queue is full, could not add furhatos.event.monitors.MonitorGaze
Flow - unknown - A flow's queue is full, could not add furhatos.event.actions.ActionVirtualUserUpdate
Flow - unknown - A flow's queue is full, could not add furhatos.event.senses.SenseUsers
Flow - unknown - A flow's queue is full, could not add furhatos.event.actions.ActionGaze
Flow - unknown - A flow's queue is full, could not add furhatos.event.monitors.MonitorGaze
Flow - unknown - A flow's queue is full, could not add furhatos.event.actions.ActionVirtualUserUpdate
Flow - unknown - A flow's queue is full, could not add furhatos.event.senses.SenseUsers
Flow - unknown - A flow's queue is full, could not add furhatos.event.actions.ActionGaze
Flow - unknown - A flow's queue is full, could not add furhatos.event.monitors.MonitorGaze
Flow - unknown - A flow's queue is full, could not add furhatos.event.actions.ActionVirtualUserUpdate
Flow - unknown - A flow's queue is full, could not add furhatos.event.senses.SenseUsers
Flow - unknown - A flow's queue is full, could not add furhatos.event.actions.ActionGaze
Flow - unknown - A flow's queue is full, could not add furhatos.event.monitors.MonitorGaze
Flow - unknown - A flow's queue is full, could not add furhatos.event.actions.ActionVirtualUserUpdate
Flow - unknown - A flow's queue is full, could not add furhatos.event.senses.SenseUsers
Flow - unknown - A flow's queue is full, could not add furhatos.event.actions.ActionGaze
Flow - unknown - A flow's queue is full, could not add furhatos.event.monitors.MonitorGaze
Flow - unknown - A flow's queue is full, could not add furhatos.event.actions.ActionVirtualUserUpdate
Flow - unknown - A flow's queue is full, could not add furhatos.event.senses.SenseUsers
Flow - unknown - A flow's queue is full, could not add furhatos.event.actions.ActionGaze
Flow - unknown - A flow's queue is full, could not add furhatos.event.monitors.MonitorGaze
Flow - unknown - A flow's queue is full, could not add furhatos.event.actions.ActionVirtualUserUpdate
Flow - unknown - A flow's queue is full, could not add furhatos.event.senses.SenseUsers
Flow - unknown - A flow's queue is full, could not add furhatos.event.actions.ActionGaze
Flow - unknown - A flow's queue is full, could not add furhatos.event.monitors.MonitorGaze
Flow - unknown - A flow's queue is full, could not add furhatos.event.actions.ActionVirtualUserUpdate
Flow - unknown - A flow's queue is full, could not add furhatos.event.senses.SenseUsers
Flow - unknown - A flow's queue is full, could not add furhatos.event.actions.ActionGaze
Flow - unknown - A flow's queue is full, could not add furhatos.event.monitors.MonitorGaze
Flow - unknown - A flow's queue is full, could not add furhatos.event.actions.ActionVirtualUserUpdate
Flow - unknown - A flow's queue is full, could not add furhatos.event.senses.SenseUsers
Flow - unknown - A flow's queue is full, could not add furhatos.event.actions.ActionGaze
Flow - unknown - A flow's queue is full, could not add furhatos.event.actions.ActionVirtualUserUpdate
Flow - unknown - A flow's queue is full, could not add furhatos.event.actions.ActionVirtualUserUpdate
Flow - unknown - A flow's queue is full, could not add furhatos.event.monitors.MonitorGaze
Flow - unknown - A flow's queue is full, could not add furhatos.event.senses.SenseUsers
Flow - unknown - A flow's queue is full, could not add furhatos.event.actions.ActionGaze
Flow - unknown - A flow's queue is full, could not add furhatos.event.senses.SenseUsers
Flow - unknown - A flow's queue is full, could not add furhatos.event.actions.ActionGaze
Flow - unknown - A flow's queue is full, could not add furhatos.event.actions.ActionVirtualUserUpdate

17:11:41 [ErrorLoggingThread] ERROR MathTutorSkill:459 - Flow - unknown - A flow's queue is full, could not add furhatos.event.actions.ActionVirtualUserUpdate
Flow - unknown - A flow's queue is full, could not add furhatos.event.actions.ActionVirtualUserUpdate
Flow - unknown - A flow's queue is full, could not add furhatos.event.actions.ActionVirtualUserUpdate
Flow - unknown - A flow's queue is full, could not add furhatos.event.actions.ActionVirtualUserUpdate
Flow - unknown - A flow's queue is full, could not add furhatos.event.actions.ActionVirtualUserUpdate
Flow - unknown - A flow's queue is full, could not add furhatos.event.actions.ActionVirtualUserUpdate
Flow - unknown - A flow's queue is full, could not add furhatos.event.actions.ActionVirtualUserUpdate
Flow - unknown - A flow's queue is full, could not add furhatos.event.actions.ActionVirtualUserUpdate
Flow - unknown - A flow's queue is full, could not add furhatos.event.senses.SenseUsers
Flow - unknown - A flow's queue is full, could not add furhatos.event.actions.ActionLog
Flow - unknown - A flow's queue is full, could not add furhatos.event.senses.SenseUsers
Flow - unknown - A flow's queue is full, could not add furhatos.event.senses.SenseUsers
Flow - unknown - A flow's queue is full, could not add furhatos.event.senses.SenseUsers
Flow - unknown - A flow's queue is full, could not add furhatos.event.senses.SenseUsers
Flow - unknown - A flow's queue is full, could not add furhatos.event.senses.SenseUsers
Flow - unknown - A flow's queue is full, could not add furhatos.event.senses.SenseUsers
Flow - unknown - A flow's queue is full, could not add furhatos.event.senses.SenseUsers
Flow - unknown - A flow's queue is full, could not add furhatos.event.senses.SenseUsers
Flow - unknown - A flow's queue is full, could not add furhatos.event.actions.ActionGaze
Flow - unknown - A flow's queue is full, could not add furhatos.event.actions.ActionGaze
Flow - unknown - A flow's queue is full, could not add furhatos.event.actions.ActionGaze
Flow - unknown - A flow's queue is full, could not add furhatos.event.actions.ActionGaze
Flow - unknown - A flow's queue is full, could not add furhatos.event.actions.ActionGaze
Flow - unknown - A flow's queue is full, could not add furhatos.event.actions.ActionGaze
Flow - unknown - A flow's queue is full, could not add furhatos.event.actions.ActionGaze
Flow - unknown - A flow's queue is full, could not add furhatos.event.actions.ActionGaze
Flow - unknown - A flow's queue is full, could not add furhatos.event.actions.ActionGaze
Flow - unknown - A flow's queue is full, could not add furhatos.event.monitors.MonitorGaze

