20:36:22 [Skill] INFO  Skill:139 - Connecting to Furhat server on 145.94.159.239:1932
20:36:22 [SpacereceptionistSkill] INFO  SpacereceptionistSkill:166 - Starting skill
20:36:23 [ErrorLoggingThread] ERROR SpacereceptionistSkill:459 - Exception in thread "SpacereceptionistSkill" java.lang.NoClassDefFoundError: furhatos/app/spacereceptionist/SocketClient
	at furhatos.app.mathtutor.flow.InteractionKt.<clinit>(interaction.kt:19)
	at furhatos.app.mathtutor.flow.GeneralKt$Idle$1$1.invoke(general.kt:24)
	at furhatos.app.mathtutor.flow.GeneralKt$Idle$1$1.invoke(general.kt)
	at furhatos.flow.kotlin.InitRunner.run(InitRunner.kt:25)
	at furhatos.flow.kotlin.StateRunner.runInitTrigger(StateRunner.kt:215)
	at furhatos.flow.kotlin.StateRunner.run(StateRunner.kt:64)
	at furhatos.flow.kotlin.Flow.tailRecRun(Flow.kt:148)
	at furhatos.flow.kotlin.Flow.run(Flow.kt:112)
	at furhatos.app.mathtutor.SpacereceptionistSkill.start(main.kt:9)
	at furhatos.skills.Skill.initializeSkill(Skill.java:169)
	at furhatos.skills.Skill.lambda$startSkill$2(Skill.java:227)
	at java.lang.Thread.run(Thread.java:748)
Caused by: java.lang.ClassNotFoundException: furhatos.app.mathtutor.SocketClient
	at java.net.URLClassLoader.findClass(URLClassLoader.java:382)
	at java.lang.ClassLoader.loadClass(ClassLoader.java:418)
	at sun.misc.Launcher$AppClassLoader.loadClass(Launcher.java:352)
	at java.lang.ClassLoader.loadClass(ClassLoader.java:351)
	... 12 more

