20:38:51 [Skill] INFO  Skill:139 - Connecting to Furhat server on 145.94.159.239:1932
20:38:51 [SpacereceptionistSkill] INFO  SpacereceptionistSkill:166 - Starting skill
20:38:53 [ErrorLoggingThread] ERROR SpacereceptionistSkill:459 - Exception in thread "SpacereceptionistSkill" java.lang.NoClassDefFoundError: furhatos/app/spacereceptionist/SocketClient
	at furhatos.app.mathtutor.flow.InteractionKt.<clinit>(interaction.kt:19)
	at furhatos.app.mathtutor.flow.GeneralKt$Idle$1$1.invoke(general.kt:24)
	at furhatos.app.mathtutor.flow.GeneralKt$Idle$1$1.invoke(general.kt)
	at furhatos.flow.kotlin.InitRunner.run(InitRunner.kt:25)
	at furhatos.flow.kotlin.StateRunner.runInitTrigger(StateRunner.kt:215)
	at furhatos.flow.kotlin.StateRunner.run(StateRunner.kt:64)
	at furhatos.flow.kotlin.Flow.tailRecRun(Flow.kt:148)
	at furhatos.flow.kotlin.Flow.run(Flow.kt:112)
	at furhatos.app.mathtutor.SpacereceptionistSkill.start(main.kt:9)
	at furhatos.skills.Skill.initializeSkill(Skill.java:169)
	at furhatos.skills.Skill.lambda$startSkill$2(Skill.java:227)
	at java.lang.Thread.run(Thread.java:748)
Caused by: java.lang.ClassNotFoundException: furhatos.app.mathtutor.SocketClient
	at java.net.URLClassLoader.findClass(URLClassLoader.java:382)
	at java.lang.ClassLoader.loadClass(ClassLoader.java:418)
	at sun.misc.Launcher$AppClassLoader.loadClass(Launcher.java:352)
	at java.lang.ClassLoader.loadClass(ClassLoader.java:351)
	... 12 more

20:38:59 [ErrorLoggingThread] ERROR SpacereceptionistSkill:459 - Flow - unknown - A flow's queue is full, could not add furhatos.event.senses.SenseUserStatus
Flow - unknown - A flow's queue is full, could not add furhatos.event.monitors.MonitorGaze
Flow - unknown - A flow's queue is full, could not add furhatos.event.actions.ActionGaze
Flow - unknown - A flow's queue is full, could not add furhatos.event.monitors.MonitorGaze
Flow - unknown - A flow's queue is full, could not add furhatos.event.monitors.MonitorGaze
Flow - unknown - A flow's queue is full, could not add furhatos.event.actions.ActionGaze
Flow - unknown - A flow's queue is full, could not add furhatos.event.actions.ActionGaze
Flow - unknown - A flow's queue is full, could not add furhatos.event.senses.SenseUserEnter
Flow - unknown - A flow's queue is full, could not add furhatos.event.senses.SenseUserStatus
Flow - unknown - A flow's queue is full, could not add furhatos.event.senses.SenseUserLeave
Flow - unknown - A flow's queue is full, could not add furhatos.event.senses.SenseUserEnter
Flow - unknown - A flow's queue is full, could not add furhatos.event.senses.SenseUserStatus
Flow - unknown - A flow's queue is full, could not add furhatos.event.senses.SenseUserLeave
Flow - unknown - A flow's queue is full, could not add furhatos.event.senses.SenseUserStatus
Flow - unknown - A flow's queue is full, could not add furhatos.event.actions.ActionGaze
Flow - unknown - A flow's queue is full, could not add furhatos.event.actions.ActionGaze
Flow - unknown - A flow's queue is full, could not add furhatos.event.actions.ActionGaze
Flow - unknown - A flow's queue is full, could not add furhatos.event.actions.ActionGaze
Flow - unknown - A flow's queue is full, could not add furhatos.event.senses.SenseUserEnter
Flow - unknown - A flow's queue is full, could not add furhatos.event.senses.SenseUserStatus
Flow - unknown - A flow's queue is full, could not add furhatos.event.senses.SenseUserLeave
Flow - unknown - A flow's queue is full, could not add furhatos.event.senses.SenseUserEnter
Flow - unknown - A flow's queue is full, could not add furhatos.event.senses.SenseUserStatus
Flow - unknown - A flow's queue is full, could not add furhatos.event.senses.SenseUserLeave
Flow - unknown - A flow's queue is full, could not add furhatos.event.senses.SenseUserStatus
Flow - unknown - A flow's queue is full, could not add furhatos.event.actions.ActionGaze
Flow - unknown - A flow's queue is full, could not add furhatos.event.actions.ActionGaze
Flow - unknown - A flow's queue is full, could not add furhatos.event.actions.ActionGaze
Flow - unknown - A flow's queue is full, could not add furhatos.event.actions.ActionGaze
Flow - unknown - A flow's queue is full, could not add furhatos.event.senses.SenseUserEnter
Flow - unknown - A flow's queue is full, could not add furhatos.event.senses.SenseUserStatus
Flow - unknown - A flow's queue is full, could not add furhatos.event.senses.SenseUserLeave
Flow - unknown - A flow's queue is full, could not add furhatos.event.senses.SenseUserEnter
Flow - unknown - A flow's queue is full, could not add furhatos.event.senses.SenseUserStatus
Flow - unknown - A flow's queue is full, could not add furhatos.event.actions.ActionGaze
Flow - unknown - A flow's queue is full, could not add furhatos.event.senses.SenseUserLeave
Flow - unknown - A flow's queue is full, could not add furhatos.event.senses.SenseUserStatus
Flow - unknown - A flow's queue is full, could not add furhatos.event.actions.ActionGaze
Flow - unknown - A flow's queue is full, could not add furhatos.event.actions.ActionGaze
Flow - unknown - A flow's queue is full, could not add furhatos.event.actions.ActionGaze
Flow - unknown - A flow's queue is full, could not add furhatos.event.monitors.MonitorGaze
Flow - unknown - A flow's queue is full, could not add furhatos.event.monitors.MonitorGaze
Flow - unknown - A flow's queue is full, could not add furhatos.event.monitors.MonitorGaze
Flow - unknown - A flow's queue is full, could not add furhatos.event.monitors.MonitorGaze
Flow - unknown - A flow's queue is full, could not add furhatos.event.actions.ActionVirtualUserUpdate
Flow - unknown - A flow's queue is full, could not add furhatos.event.senses.SenseUsers
Flow - unknown - A flow's queue is full, could not add furhatos.event.senses.SenseUsers
Flow - unknown - A flow's queue is full, could not add furhatos.event.senses.SenseUsers
Flow - unknown - A flow's queue is full, could not add furhatos.event.senses.SenseUsers
Flow - unknown - A flow's queue is full, could not add furhatos.event.actions.ActionVirtualUserUpdate
Flow - unknown - A flow's queue is full, could not add furhatos.event.senses.SenseUsers
Flow - unknown - A flow's queue is full, could not add furhatos.event.senses.SenseUsers
Flow - unknown - A flow's queue is full, could not add furhatos.event.senses.SenseUsers
Flow - unknown - A flow's queue is full, could not add furhatos.event.senses.SenseUsers
Flow - unknown - A flow's queue is full, could not add furhatos.event.actions.ActionVirtualUserUpdate
Flow - unknown - A flow's queue is full, could not add furhatos.event.senses.SenseUsers
Flow - unknown - A flow's queue is full, could not add furhatos.event.senses.SenseUsers
Flow - unknown - A flow's queue is full, could not add furhatos.event.senses.SenseUsers
Flow - unknown - A flow's queue is full, could not add furhatos.event.senses.SenseUsers
Flow - unknown - A flow's queue is full, could not add furhatos.event.actions.ActionVirtualUserUpdate
Flow - unknown - A flow's queue is full, could not add furhatos.event.senses.SenseUsers
Flow - unknown - A flow's queue is full, could not add furhatos.event.senses.SenseUsers
Flow - unknown - A flow's queue is full, could not add furhatos.event.senses.SenseUsers
Flow - unknown - A flow's queue is full, could not add furhatos.event.senses.SenseUsers
Flow - unknown - A flow's queue is full, could not add furhatos.event.actions.ActionGesture
Flow - unknown - A flow's queue is full, could not add furhatos.event.monitors.MonitorGestureStart
Flow - unknown - A flow's queue is full, could not add furhatos.event.monitors.MonitorGestureStart
Flow - unknown - A flow's queue is full, could not add furhatos.event.monitors.MonitorGestureStart
Flow - unknown - A flow's queue is full, could not add furhatos.event.monitors.MonitorGestureStart
Flow - unknown - A flow's queue is full, could not add furhatos.event.actions.ActionVirtualUserUpdate
Flow - unknown - A flow's queue is full, could not add furhatos.event.senses.SenseUsers
Flow - unknown - A flow's queue is full, could not add furhatos.event.senses.SenseUsers
Flow - unknown - A flow's queue is full, could not add furhatos.event.senses.SenseUsers
Flow - unknown - A flow's queue is full, could not add furhatos.event.senses.SenseUsers
Flow - unknown - A flow's queue is full, could not add furhatos.event.monitors.MonitorGestureEnd
Flow - unknown - A flow's queue is full, could not add furhatos.event.monitors.MonitorGestureEnd
Flow - unknown - A flow's queue is full, could not add furhatos.event.monitors.MonitorGestureEnd
Flow - unknown - A flow's queue is full, could not add furhatos.event.monitors.MonitorGestureEnd
Flow - unknown - A flow's queue is full, could not add furhatos.event.monitors.MonitorGaze
Flow - unknown - A flow's queue is full, could not add furhatos.event.monitors.MonitorGaze
Flow - unknown - A flow's queue is full, could not add furhatos.event.monitors.MonitorGaze
Flow - unknown - A flow's queue is full, could not add furhatos.event.monitors.MonitorGaze
Flow - unknown - A flow's queue is full, could not add furhatos.event.monitors.MonitorGaze
Flow - unknown - A flow's queue is full, could not add furhatos.event.monitors.MonitorGaze
Flow - unknown - A flow's queue is full, could not add furhatos.event.monitors.MonitorGaze
Flow - unknown - A flow's queue is full, could not add furhatos.event.monitors.MonitorGaze
Flow - unknown - A flow's queue is full, could not add furhatos.event.monitors.MonitorGaze
Flow - unknown - A flow's queue is full, could not add furhatos.event.monitors.MonitorGaze
Flow - unknown - A flow's queue is full, could not add furhatos.event.monitors.MonitorGaze
Flow - unknown - A flow's queue is full, could not add furhatos.event.monitors.MonitorGaze
Flow - unknown - A flow's queue is full, could not add furhatos.event.monitors.MonitorGaze
Flow - unknown - A flow's queue is full, could not add furhatos.event.senses.SenseUserEnter
Flow - unknown - A flow's queue is full, could not add furhatos.event.senses.SenseUserStatus
Flow - unknown - A flow's queue is full, could not add furhatos.event.actions.ActionGaze
Flow - unknown - A flow's queue is full, could not add furhatos.event.senses.SenseUserLeave
Flow - unknown - A flow's queue is full, could not add furhatos.event.senses.SenseUserEnter
Flow - unknown - A flow's queue is full, could not add furhatos.event.senses.SenseUserStatus
Flow - unknown - A flow's queue is full, could not add furhatos.event.actions.ActionGaze
Flow - unknown - A flow's queue is full, could not add furhatos.event.senses.SenseUserLeave
Flow - unknown - A flow's queue is full, could not add furhatos.event.senses.SenseUserStatus
Flow - unknown - A flow's queue is full, could not add furhatos.event.actions.ActionGaze
Flow - unknown - A flow's queue is full, could not add furhatos.event.actions.ActionGaze
Flow - unknown - A flow's queue is full, could not add furhatos.event.senses.SenseUserEnter
Flow - unknown - A flow's queue is full, could not add furhatos.event.senses.SenseUserStatus
Flow - unknown - A flow's queue is full, could not add furhatos.event.actions.ActionGaze
Flow - unknown - A flow's queue is full, could not add furhatos.event.senses.SenseUserLeave
Flow - unknown - A flow's queue is full, could not add furhatos.event.senses.SenseUserEnter
Flow - unknown - A flow's queue is full, could not add furhatos.event.senses.SenseUserStatus
Flow - unknown - A flow's queue is full, could not add furhatos.event.actions.ActionGaze
Flow - unknown - A flow's queue is full, could not add furhatos.event.senses.SenseUserLeave
Flow - unknown - A flow's queue is full, could not add furhatos.event.senses.SenseUserStatus
Flow - unknown - A flow's queue is full, could not add furhatos.event.actions.ActionGaze
Flow - unknown - A flow's queue is full, could not add furhatos.event.actions.ActionGaze
Flow - unknown - A flow's queue is full, could not add furhatos.event.senses.SenseUserEnter
Flow - unknown - A flow's queue is full, could not add furhatos.event.senses.SenseUserStatus
Flow - unknown - A flow's queue is full, could not add furhatos.event.actions.ActionGaze
Flow - unknown - A flow's queue is full, could not add furhatos.event.senses.SenseUserLeave
Flow - unknown - A flow's queue is full, could not add furhatos.event.senses.SenseUserStatus
Flow - unknown - A flow's queue is full, could not add furhatos.event.actions.ActionGaze
Flow - unknown - A flow's queue is full, could not add furhatos.event.senses.SenseUserEnter
Flow - unknown - A flow's queue is full, could not add furhatos.event.senses.SenseUserStatus
Flow - unknown - A flow's queue is full, could not add furhatos.event.actions.ActionGaze
Flow - unknown - A flow's queue is full, could not add furhatos.event.senses.SenseUserLeave

20:38:59 [ErrorLoggingThread] ERROR SpacereceptionistSkill:459 - Flow - unknown - A flow's queue is full, could not add furhatos.event.actions.ActionGaze

20:39:00 [ErrorLoggingThread] ERROR SpacereceptionistSkill:459 - Flow - unknown - A flow's queue is full, could not add furhatos.event.senses.SenseUserEnter
Flow - unknown - A flow's queue is full, could not add furhatos.event.senses.SenseUserStatus
Flow - unknown - A flow's queue is full, could not add furhatos.event.actions.ActionGaze

20:39:03 [ErrorLoggingThread] ERROR SpacereceptionistSkill:459 - Flow - unknown - A flow's queue is full, could not add furhatos.event.senses.SenseUserLeave
Flow - unknown - A flow's queue is full, could not add furhatos.event.senses.SenseUserEnter
Flow - unknown - A flow's queue is full, could not add furhatos.event.senses.SenseUserStatus
Flow - unknown - A flow's queue is full, could not add furhatos.event.actions.ActionGaze
Flow - unknown - A flow's queue is full, could not add furhatos.event.senses.SenseUserLeave
Flow - unknown - A flow's queue is full, could not add furhatos.event.senses.SenseUserStatus
Flow - unknown - A flow's queue is full, could not add furhatos.event.actions.ActionGaze
Flow - unknown - A flow's queue is full, could not add furhatos.event.actions.ActionGaze
Flow - unknown - A flow's queue is full, could not add furhatos.event.senses.SenseUserEnter
Flow - unknown - A flow's queue is full, could not add furhatos.event.senses.SenseUserStatus
Flow - unknown - A flow's queue is full, could not add furhatos.event.actions.ActionGaze
Flow - unknown - A flow's queue is full, could not add furhatos.event.senses.SenseUserLeave
Flow - unknown - A flow's queue is full, could not add furhatos.event.senses.SenseUserEnter
Flow - unknown - A flow's queue is full, could not add furhatos.event.senses.SenseUserStatus
Flow - unknown - A flow's queue is full, could not add furhatos.event.actions.ActionGaze
Flow - unknown - A flow's queue is full, could not add furhatos.event.senses.SenseUserLeave
Flow - unknown - A flow's queue is full, could not add furhatos.event.senses.SenseUserStatus
Flow - unknown - A flow's queue is full, could not add furhatos.event.actions.ActionGaze
Flow - unknown - A flow's queue is full, could not add furhatos.event.actions.ActionGaze
Flow - unknown - A flow's queue is full, could not add furhatos.event.monitors.MonitorGaze
Flow - unknown - A flow's queue is full, could not add furhatos.event.monitors.MonitorGaze
Flow - unknown - A flow's queue is full, could not add furhatos.event.monitors.MonitorGaze
Flow - unknown - A flow's queue is full, could not add furhatos.event.monitors.MonitorGaze
Flow - unknown - A flow's queue is full, could not add furhatos.event.actions.ActionVirtualUserUpdate
Flow - unknown - A flow's queue is full, could not add furhatos.event.senses.SenseUsers
Flow - unknown - A flow's queue is full, could not add furhatos.event.monitors.MonitorGaze
Flow - unknown - A flow's queue is full, could not add furhatos.event.senses.SenseUsers
Flow - unknown - A flow's queue is full, could not add furhatos.event.monitors.MonitorGaze
Flow - unknown - A flow's queue is full, could not add furhatos.event.senses.SenseUsers
Flow - unknown - A flow's queue is full, could not add furhatos.event.senses.SenseUsers
Flow - unknown - A flow's queue is full, could not add furhatos.event.monitors.MonitorGaze
Flow - unknown - A flow's queue is full, could not add furhatos.event.monitors.MonitorGaze
Flow - unknown - A flow's queue is full, could not add furhatos.event.monitors.MonitorGaze
Flow - unknown - A flow's queue is full, could not add furhatos.event.monitors.MonitorGaze
Flow - unknown - A flow's queue is full, could not add furhatos.event.monitors.MonitorGaze
Flow - unknown - A flow's queue is full, could not add furhatos.event.monitors.MonitorGaze
Flow - unknown - A flow's queue is full, could not add furhatos.event.actions.ActionVirtualUserUpdate
Flow - unknown - A flow's queue is full, could not add furhatos.event.senses.SenseUsers
Flow - unknown - A flow's queue is full, could not add furhatos.event.senses.SenseUsers
Flow - unknown - A flow's queue is full, could not add furhatos.event.senses.SenseUsers
Flow - unknown - A flow's queue is full, could not add furhatos.event.senses.SenseUsers
Flow - unknown - A flow's queue is full, could not add furhatos.event.actions.ActionVirtualUserUpdate
Flow - unknown - A flow's queue is full, could not add furhatos.event.senses.SenseUsers
Flow - unknown - A flow's queue is full, could not add furhatos.event.senses.SenseUsers
Flow - unknown - A flow's queue is full, could not add furhatos.event.senses.SenseUsers
Flow - unknown - A flow's queue is full, could not add furhatos.event.actions.ActionVirtualUserUpdate
Flow - unknown - A flow's queue is full, could not add furhatos.event.actions.ActionVirtualUserUpdate
Flow - unknown - A flow's queue is full, could not add furhatos.event.actions.ActionVirtualUserUpdate
Flow - unknown - A flow's queue is full, could not add furhatos.event.senses.SenseUsers
Flow - unknown - A flow's queue is full, could not add furhatos.event.senses.SenseUsers
Flow - unknown - A flow's queue is full, could not add furhatos.event.senses.SenseUsers
Flow - unknown - A flow's queue is full, could not add furhatos.event.senses.SenseUsers
Flow - unknown - A flow's queue is full, could not add furhatos.event.senses.SenseUsers
Flow - unknown - A flow's queue is full, could not add furhatos.event.senses.SenseUsers
Flow - unknown - A flow's queue is full, could not add furhatos.event.senses.SenseUsers
Flow - unknown - A flow's queue is full, could not add furhatos.event.senses.SenseUsers
Flow - unknown - A flow's queue is full, could not add furhatos.event.senses.SenseUsers
Flow - unknown - A flow's queue is full, could not add furhatos.event.senses.SenseUsers
Flow - unknown - A flow's queue is full, could not add furhatos.event.senses.SenseUsers
Flow - unknown - A flow's queue is full, could not add furhatos.event.senses.SenseUsers
Flow - unknown - A flow's queue is full, could not add furhatos.event.senses.SenseUsers
Flow - unknown - A flow's queue is full, could not add furhatos.event.actions.ActionLog
Flow - unknown - A flow's queue is full, could not add furhatos.event.actions.ActionLog
Flow - unknown - A flow's queue is full, could not add furhatos.event.monitors.MonitorGestureEnd
Flow - unknown - A flow's queue is full, could not add furhatos.event.monitors.MonitorGestureEnd
Flow - unknown - A flow's queue is full, could not add furhatos.event.monitors.MonitorGestureEnd
Flow - unknown - A flow's queue is full, could not add furhatos.event.monitors.MonitorGestureEnd
Flow - unknown - A flow's queue is full, could not add furhatos.event.actions.ActionVirtualUserUpdate
Flow - unknown - A flow's queue is full, could not add furhatos.event.actions.ActionLog
Flow - unknown - A flow's queue is full, could not add furhatos.event.senses.SenseUsers
Flow - unknown - A flow's queue is full, could not add furhatos.event.senses.SenseUsers
Flow - unknown - A flow's queue is full, could not add furhatos.event.senses.SenseUsers
Flow - unknown - A flow's queue is full, could not add furhatos.event.senses.SenseUsers
Flow - unknown - A flow's queue is full, could not add furhatos.event.actions.ActionVirtualUserUpdate
Flow - unknown - A flow's queue is full, could not add furhatos.event.senses.SenseUsers
Flow - unknown - A flow's queue is full, could not add furhatos.event.senses.SenseUsers
Flow - unknown - A flow's queue is full, could not add furhatos.event.senses.SenseUsers
Flow - unknown - A flow's queue is full, could not add furhatos.event.senses.SenseUsers
Flow - unknown - A flow's queue is full, could not add furhatos.event.actions.ActionVirtualUserUpdate
Flow - unknown - A flow's queue is full, could not add furhatos.event.senses.SenseUsers
Flow - unknown - A flow's queue is full, could not add furhatos.event.senses.SenseUsers
Flow - unknown - A flow's queue is full, could not add furhatos.event.senses.SenseUsers
Flow - unknown - A flow's queue is full, could not add furhatos.event.senses.SenseUsers
Flow - unknown - A flow's queue is full, could not add furhatos.event.actions.ActionVirtualUserUpdate
Flow - unknown - A flow's queue is full, could not add furhatos.event.senses.SenseUsers
Flow - unknown - A flow's queue is full, could not add furhatos.event.senses.SenseUsers
Flow - unknown - A flow's queue is full, could not add furhatos.event.senses.SenseUsers
Flow - unknown - A flow's queue is full, could not add furhatos.event.senses.SenseUsers
Flow - unknown - A flow's queue is full, could not add furhatos.event.actions.ActionVirtualUserUpdate
Flow - unknown - A flow's queue is full, could not add furhatos.event.senses.SenseUsers
Flow - unknown - A flow's queue is full, could not add furhatos.event.senses.SenseUsers
Flow - unknown - A flow's queue is full, could not add furhatos.event.senses.SenseUsers
Flow - unknown - A flow's queue is full, could not add furhatos.event.senses.SenseUsers
Flow - unknown - A flow's queue is full, could not add furhatos.event.actions.ActionVirtualUserUpdate
Flow - unknown - A flow's queue is full, could not add furhatos.event.senses.SenseUsers
Flow - unknown - A flow's queue is full, could not add furhatos.event.senses.SenseUsers
Flow - unknown - A flow's queue is full, could not add furhatos.event.senses.SenseUsers
Flow - unknown - A flow's queue is full, could not add furhatos.event.senses.SenseUsers
Flow - unknown - A flow's queue is full, could not add furhatos.event.actions.ActionVirtualUserUpdate
Flow - unknown - A flow's queue is full, could not add furhatos.event.senses.SenseUsers
Flow - unknown - A flow's queue is full, could not add furhatos.event.senses.SenseUsers
Flow - unknown - A flow's queue is full, could not add furhatos.event.senses.SenseUsers
Flow - unknown - A flow's queue is full, could not add furhatos.event.senses.SenseUsers
Flow - unknown - A flow's queue is full, could not add furhatos.event.actions.ActionVirtualUserUpdate
Flow - unknown - A flow's queue is full, could not add furhatos.event.senses.SenseUsers
Flow - unknown - A flow's queue is full, could not add furhatos.event.senses.SenseUsers
Flow - unknown - A flow's queue is full, could not add furhatos.event.senses.SenseUsers
Flow - unknown - A flow's queue is full, could not add furhatos.event.senses.SenseUsers
Flow - unknown - A flow's queue is full, could not add furhatos.event.actions.ActionVirtualUserUpdate
Flow - unknown - A flow's queue is full, could not add furhatos.event.senses.SenseUsers
Flow - unknown - A flow's queue is full, could not add furhatos.event.senses.SenseUsers
Flow - unknown - A flow's queue is full, could not add furhatos.event.senses.SenseUsers
Flow - unknown - A flow's queue is full, could not add furhatos.event.senses.SenseUsers
Flow - unknown - A flow's queue is full, could not add furhatos.event.actions.ActionVirtualUserUpdate
Flow - unknown - A flow's queue is full, could not add furhatos.event.senses.SenseUsers
Flow - unknown - A flow's queue is full, could not add furhatos.event.senses.SenseUsers
Flow - unknown - A flow's queue is full, could not add furhatos.event.senses.SenseUsers
Flow - unknown - A flow's queue is full, could not add furhatos.event.senses.SenseUsers
Flow - unknown - A flow's queue is full, could not add furhatos.event.actions.ActionVirtualUserUpdate
Flow - unknown - A flow's queue is full, could not add furhatos.event.senses.SenseUsers
Flow - unknown - A flow's queue is full, could not add furhatos.event.senses.SenseUsers
Flow - unknown - A flow's queue is full, could not add furhatos.event.senses.SenseUsers
Flow - unknown - A flow's queue is full, could not add furhatos.event.senses.SenseUsers
Flow - unknown - A flow's queue is full, could not add furhatos.event.actions.ActionVirtualUserUpdate
Flow - unknown - A flow's queue is full, could not add furhatos.event.senses.SenseUsers
Flow - unknown - A flow's queue is full, could not add furhatos.event.senses.SenseUsers
Flow - unknown - A flow's queue is full, could not add furhatos.event.senses.SenseUsers
Flow - unknown - A flow's queue is full, could not add furhatos.event.senses.SenseUsers
Flow - unknown - A flow's queue is full, could not add furhatos.event.actions.ActionVirtualUserUpdate
Flow - unknown - A flow's queue is full, could not add furhatos.event.senses.SenseUsers
Flow - unknown - A flow's queue is full, could not add furhatos.event.senses.SenseUsers
Flow - unknown - A flow's queue is full, could not add furhatos.event.senses.SenseUsers
Flow - unknown - A flow's queue is full, could not add furhatos.event.senses.SenseUsers
Flow - unknown - A flow's queue is full, could not add furhatos.event.monitors.MonitorGaze
Flow - unknown - A flow's queue is full, could not add furhatos.event.monitors.MonitorGaze
Flow - unknown - A flow's queue is full, could not add furhatos.event.monitors.MonitorGaze
Flow - unknown - A flow's queue is full, could not add furhatos.event.monitors.MonitorGaze
Flow - unknown - A flow's queue is full, could not add furhatos.event.actions.ActionVirtualUserUpdate
Flow - unknown - A flow's queue is full, could not add furhatos.event.senses.SenseUsers
Flow - unknown - A flow's queue is full, could not add furhatos.event.senses.SenseUsers
Flow - unknown - A flow's queue is full, could not add furhatos.event.actions.ActionVirtualUserUpdate
Flow - unknown - A flow's queue is full, could not add furhatos.event.senses.SenseUsers
Flow - unknown - A flow's queue is full, could not add furhatos.event.senses.SenseUsers
Flow - unknown - A flow's queue is full, could not add furhatos.event.actions.ActionVirtualUserUpdate
Flow - unknown - A flow's queue is full, could not add furhatos.event.senses.SenseUsers
Flow - unknown - A flow's queue is full, could not add furhatos.event.senses.SenseUsers
Flow - unknown - A flow's queue is full, could not add furhatos.event.actions.ActionVirtualUserUpdate
Flow - unknown - A flow's queue is full, could not add furhatos.event.senses.SenseUsers
Flow - unknown - A flow's queue is full, could not add furhatos.event.senses.SenseUsers
Flow - unknown - A flow's queue is full, could not add furhatos.event.senses.SenseUsers
Flow - unknown - A flow's queue is full, could not add furhatos.event.senses.SenseUsers
Flow - unknown - A flow's queue is full, could not add furhatos.event.senses.SenseUsers
Flow - unknown - A flow's queue is full, could not add furhatos.event.senses.SenseUsers
Flow - unknown - A flow's queue is full, could not add furhatos.event.senses.SenseUsers
Flow - unknown - A flow's queue is full, could not add furhatos.event.senses.SenseUsers
Flow - unknown - A flow's queue is full, could not add furhatos.event.senses.SenseUsers
Flow - unknown - A flow's queue is full, could not add furhatos.event.senses.SenseUsers
Flow - unknown - A flow's queue is full, could not add furhatos.event.actions.ActionVirtualUserUpdate
Flow - unknown - A flow's queue is full, could not add furhatos.event.senses.SenseUsers
Flow - unknown - A flow's queue is full, could not add furhatos.event.senses.SenseUsers
Flow - unknown - A flow's queue is full, could not add furhatos.event.senses.SenseUsers
Flow - unknown - A flow's queue is full, could not add furhatos.event.senses.SenseUsers
Flow - unknown - A flow's queue is full, could not add furhatos.event.actions.ActionVirtualUserUpdate
Flow - unknown - A flow's queue is full, could not add furhatos.event.actions.ActionVirtualUserUpdate
Flow - unknown - A flow's queue is full, could not add furhatos.event.senses.SenseUsers
Flow - unknown - A flow's queue is full, could not add furhatos.event.senses.SenseUsers
Flow - unknown - A flow's queue is full, could not add furhatos.event.senses.SenseUsers
Flow - unknown - A flow's queue is full, could not add furhatos.event.senses.SenseUsers
Flow - unknown - A flow's queue is full, could not add furhatos.event.senses.SenseUsers
Flow - unknown - A flow's queue is full, could not add furhatos.event.senses.SenseUsers
Flow - unknown - A flow's queue is full, could not add furhatos.event.senses.SenseUsers
Flow - unknown - A flow's queue is full, could not add furhatos.event.senses.SenseUsers
Flow - unknown - A flow's queue is full, could not add furhatos.event.actions.ActionVirtualUserUpdate
Flow - unknown - A flow's queue is full, could not add furhatos.event.senses.SenseUsers
Flow - unknown - A flow's queue is full, could not add furhatos.event.senses.SenseUsers
Flow - unknown - A flow's queue is full, could not add furhatos.event.senses.SenseUsers
Flow - unknown - A flow's queue is full, could not add furhatos.event.senses.SenseUsers
Flow - unknown - A flow's queue is full, could not add furhatos.event.actions.ActionVirtualUserUpdate
Flow - unknown - A flow's queue is full, could not add furhatos.event.senses.SenseUserEnter
Flow - unknown - A flow's queue is full, could not add furhatos.event.senses.SenseUserStatus
Flow - unknown - A flow's queue is full, could not add furhatos.event.senses.SenseUserLeave
Flow - unknown - A flow's queue is full, could not add furhatos.event.senses.SenseUserEnter
Flow - unknown - A flow's queue is full, could not add furhatos.event.senses.SenseUserStatus
Flow - unknown - A flow's queue is full, could not add furhatos.event.senses.SenseUserLeave
Flow - unknown - A flow's queue is full, could not add furhatos.event.senses.SenseUserStatus
Flow - unknown - A flow's queue is full, could not add furhatos.event.senses.SenseUserEnter
Flow - unknown - A flow's queue is full, could not add furhatos.event.senses.SenseUserStatus
Flow - unknown - A flow's queue is full, could not add furhatos.event.senses.SenseUserLeave
Flow - unknown - A flow's queue is full, could not add furhatos.event.senses.SenseUserEnter
Flow - unknown - A flow's queue is full, could not add furhatos.event.senses.SenseUserStatus
Flow - unknown - A flow's queue is full, could not add furhatos.event.senses.SenseUserLeave
Flow - unknown - A flow's queue is full, could not add furhatos.event.senses.SenseUserStatus
Flow - unknown - A flow's queue is full, could not add furhatos.event.senses.SenseUsers
Flow - unknown - A flow's queue is full, could not add furhatos.event.senses.SenseUsers
Flow - unknown - A flow's queue is full, could not add furhatos.event.senses.SenseUsers
Flow - unknown - A flow's queue is full, could not add furhatos.event.actions.ActionGaze
Flow - unknown - A flow's queue is full, could not add furhatos.event.actions.ActionGaze
Flow - unknown - A flow's queue is full, could not add furhatos.event.actions.ActionGaze
Flow - unknown - A flow's queue is full, could not add furhatos.event.actions.ActionGaze
Flow - unknown - A flow's queue is full, could not add furhatos.event.actions.ActionGaze
Flow - unknown - A flow's queue is full, could not add furhatos.event.actions.ActionGaze
Flow - unknown - A flow's queue is full, could not add furhatos.event.actions.ActionGaze
Flow - unknown - A flow's queue is full, could not add furhatos.event.senses.SenseUsers
Flow - unknown - A flow's queue is full, could not add furhatos.event.actions.ActionVirtualUserUpdate
Flow - unknown - A flow's queue is full, could not add furhatos.event.actions.ActionVirtualUserUpdate
Flow - unknown - A flow's queue is full, could not add furhatos.event.senses.SenseUsers
Flow - unknown - A flow's queue is full, could not add furhatos.event.senses.SenseUsers
Flow - unknown - A flow's queue is full, could not add furhatos.event.senses.SenseUsers
Flow - unknown - A flow's queue is full, could not add furhatos.event.senses.SenseUsers
Flow - unknown - A flow's queue is full, could not add furhatos.event.senses.SenseUsers
Flow - unknown - A flow's queue is full, could not add furhatos.event.senses.SenseUsers
Flow - unknown - A flow's queue is full, could not add furhatos.event.senses.SenseUsers
Flow - unknown - A flow's queue is full, could not add furhatos.event.senses.SenseUsers
Flow - unknown - A flow's queue is full, could not add furhatos.event.actions.ActionGaze
Flow - unknown - A flow's queue is full, could not add furhatos.event.senses.SenseUserEnter
Flow - unknown - A flow's queue is full, could not add furhatos.event.senses.SenseUserStatus
Flow - unknown - A flow's queue is full, could not add furhatos.event.actions.ActionVirtualUserUpdate
Flow - unknown - A flow's queue is full, could not add furhatos.event.senses.SenseUsers
Flow - unknown - A flow's queue is full, could not add furhatos.event.senses.SenseUsers
Flow - unknown - A flow's queue is full, could not add furhatos.event.senses.SenseUsers
Flow - unknown - A flow's queue is full, could not add furhatos.event.senses.SenseUsers
Flow - unknown - A flow's queue is full, could not add furhatos.event.actions.ActionVirtualUserUpdate
Flow - unknown - A flow's queue is full, could not add furhatos.event.actions.ActionVirtualUserUpdate
Flow - unknown - A flow's queue is full, could not add furhatos.event.senses.SenseUsers
Flow - unknown - A flow's queue is full, could not add furhatos.event.senses.SenseUsers
Flow - unknown - A flow's queue is full, could not add furhatos.event.senses.SenseUsers
Flow - unknown - A flow's queue is full, could not add furhatos.event.senses.SenseUsers
Flow - unknown - A flow's queue is full, could not add furhatos.event.senses.SenseUsers
Flow - unknown - A flow's queue is full, could not add furhatos.event.senses.SenseUsers
Flow - unknown - A flow's queue is full, could not add furhatos.event.senses.SenseUsers
Flow - unknown - A flow's queue is full, could not add furhatos.event.senses.SenseUsers
Flow - unknown - A flow's queue is full, could not add furhatos.event.actions.ActionVirtualUserUpdate
Flow - unknown - A flow's queue is full, could not add furhatos.event.senses.SenseUsers
Flow - unknown - A flow's queue is full, could not add furhatos.event.senses.SenseUsers
Flow - unknown - A flow's queue is full, could not add furhatos.event.actions.ActionVirtualUserUpdate
Flow - unknown - A flow's queue is full, could not add furhatos.event.senses.SenseUsers
Flow - unknown - A flow's queue is full, could not add furhatos.event.senses.SenseUsers
Flow - unknown - A flow's queue is full, could not add furhatos.event.senses.SenseUsers
Flow - unknown - A flow's queue is full, could not add furhatos.event.senses.SenseUsers
Flow - unknown - A flow's queue is full, could not add furhatos.event.actions.ActionVirtualUserUpdate
Flow - unknown - A flow's queue is full, could not add furhatos.event.senses.SenseUsers
Flow - unknown - A flow's queue is full, could not add furhatos.event.senses.SenseUsers
Flow - unknown - A flow's queue is full, could not add furhatos.event.senses.SenseUsers
Flow - unknown - A flow's queue is full, could not add furhatos.event.actions.ActionGaze
Flow - unknown - A flow's queue is full, could not add furhatos.event.senses.SenseUserLeave
Flow - unknown - A flow's queue is full, could not add furhatos.event.senses.SenseUserEnter
Flow - unknown - A flow's queue is full, could not add furhatos.event.senses.SenseUserStatus
Flow - unknown - A flow's queue is full, could not add furhatos.event.actions.ActionGaze
Flow - unknown - A flow's queue is full, could not add furhatos.event.senses.SenseUserLeave
Flow - unknown - A flow's queue is full, could not add furhatos.event.senses.SenseUserStatus
Flow - unknown - A flow's queue is full, could not add furhatos.event.actions.ActionGaze
Flow - unknown - A flow's queue is full, could not add furhatos.event.actions.ActionGaze
Flow - unknown - A flow's queue is full, could not add furhatos.event.senses.SenseUserEnter
Flow - unknown - A flow's queue is full, could not add furhatos.event.senses.SenseUserStatus
Flow - unknown - A flow's queue is full, could not add furhatos.event.actions.ActionGaze
Flow - unknown - A flow's queue is full, could not add furhatos.event.actions.ActionGaze
Flow - unknown - A flow's queue is full, could not add furhatos.event.senses.SenseUserLeave
Flow - unknown - A flow's queue is full, could not add furhatos.event.senses.SenseUserEnter
Flow - unknown - A flow's queue is full, could not add furhatos.event.senses.SenseUserStatus
Flow - unknown - A flow's queue is full, could not add furhatos.event.actions.ActionGaze
Flow - unknown - A flow's queue is full, could not add furhatos.event.senses.SenseUserLeave
Flow - unknown - A flow's queue is full, could not add furhatos.event.senses.SenseUserStatus
Flow - unknown - A flow's queue is full, could not add furhatos.event.actions.ActionGaze
Flow - unknown - A flow's queue is full, could not add furhatos.event.senses.SenseUserEnter
Flow - unknown - A flow's queue is full, could not add furhatos.event.senses.SenseUserStatus
Flow - unknown - A flow's queue is full, could not add furhatos.event.actions.ActionGaze
Flow - unknown - A flow's queue is full, could not add furhatos.event.actions.ActionGaze
Flow - unknown - A flow's queue is full, could not add furhatos.event.senses.SenseUserLeave
Flow - unknown - A flow's queue is full, could not add furhatos.event.senses.SenseUserStatus
Flow - unknown - A flow's queue is full, could not add furhatos.event.actions.ActionGaze
Flow - unknown - A flow's queue is full, could not add furhatos.event.actions.ActionGaze
Flow - unknown - A flow's queue is full, could not add furhatos.event.actions.ActionGaze
Flow - unknown - A flow's queue is full, could not add furhatos.event.actions.ActionGaze
Flow - unknown - A flow's queue is full, could not add furhatos.event.actions.ActionGaze
Flow - unknown - A flow's queue is full, could not add furhatos.event.actions.ActionGaze
Flow - unknown - A flow's queue is full, could not add furhatos.event.senses.SenseUsers
Flow - unknown - A flow's queue is full, could not add furhatos.event.senses.SenseUserEnter
Flow - unknown - A flow's queue is full, could not add furhatos.event.senses.SenseUserStatus
Flow - unknown - A flow's queue is full, could not add furhatos.event.actions.ActionGaze
Flow - unknown - A flow's queue is full, could not add furhatos.event.senses.SenseUserLeave
Flow - unknown - A flow's queue is full, could not add furhatos.event.senses.SenseUserEnter
Flow - unknown - A flow's queue is full, could not add furhatos.event.senses.SenseUserStatus
Flow - unknown - A flow's queue is full, could not add furhatos.event.actions.ActionGaze
Flow - unknown - A flow's queue is full, could not add furhatos.event.senses.SenseUsers
Flow - unknown - A flow's queue is full, could not add furhatos.event.senses.SenseUsers
Flow - unknown - A flow's queue is full, could not add furhatos.event.senses.SenseUserLeave
Flow - unknown - A flow's queue is full, could not add furhatos.event.senses.SenseUserStatus
Flow - unknown - A flow's queue is full, could not add furhatos.event.actions.ActionGaze
Flow - unknown - A flow's queue is full, could not add furhatos.event.actions.ActionGaze
Flow - unknown - A flow's queue is full, could not add furhatos.event.senses.SenseUserEnter
Flow - unknown - A flow's queue is full, could not add furhatos.event.senses.SenseUserStatus
Flow - unknown - A flow's queue is full, could not add furhatos.event.actions.ActionGaze
Flow - unknown - A flow's queue is full, could not add furhatos.event.senses.SenseUserLeave
Flow - unknown - A flow's queue is full, could not add furhatos.event.senses.SenseUserEnter
Flow - unknown - A flow's queue is full, could not add furhatos.event.senses.SenseUserStatus
Flow - unknown - A flow's queue is full, could not add furhatos.event.actions.ActionGaze
Flow - unknown - A flow's queue is full, could not add furhatos.event.senses.SenseUserLeave
Flow - unknown - A flow's queue is full, could not add furhatos.event.senses.SenseUserStatus
Flow - unknown - A flow's queue is full, could not add furhatos.event.actions.ActionGaze
Flow - unknown - A flow's queue is full, could not add furhatos.event.actions.ActionGaze
Flow - unknown - A flow's queue is full, could not add furhatos.event.senses.SenseUserEnter
Flow - unknown - A flow's queue is full, could not add furhatos.event.senses.SenseUserStatus
Flow - unknown - A flow's queue is full, could not add furhatos.event.actions.ActionGaze
Flow - unknown - A flow's queue is full, could not add furhatos.event.senses.SenseUserLeave
Flow - unknown - A flow's queue is full, could not add furhatos.event.senses.SenseUserEnter
Flow - unknown - A flow's queue is full, could not add furhatos.event.senses.SenseUserStatus
Flow - unknown - A flow's queue is full, could not add furhatos.event.actions.ActionGaze
Flow - unknown - A flow's queue is full, could not add furhatos.event.senses.SenseUserLeave
Flow - unknown - A flow's queue is full, could not add furhatos.event.senses.SenseUserStatus
Flow - unknown - A flow's queue is full, could not add furhatos.event.actions.ActionGaze
Flow - unknown - A flow's queue is full, could not add furhatos.event.actions.ActionGaze
Flow - unknown - A flow's queue is full, could not add furhatos.event.actions.ActionGaze
Flow - unknown - A flow's queue is full, could not add furhatos.event.senses.SenseUserEnter
Flow - unknown - A flow's queue is full, could not add furhatos.event.senses.SenseUserStatus
Flow - unknown - A flow's queue is full, could not add furhatos.event.actions.ActionGaze
Flow - unknown - A flow's queue is full, could not add furhatos.event.senses.SenseUserLeave
Flow - unknown - A flow's queue is full, could not add furhatos.event.senses.SenseUserEnter
Flow - unknown - A flow's queue is full, could not add furhatos.event.senses.SenseUserStatus
Flow - unknown - A flow's queue is full, could not add furhatos.event.actions.ActionGaze
Flow - unknown - A flow's queue is full, could not add furhatos.event.senses.SenseUserLeave
Flow - unknown - A flow's queue is full, could not add furhatos.event.senses.SenseUserStatus
Flow - unknown - A flow's queue is full, could not add furhatos.event.actions.ActionGaze
Flow - unknown - A flow's queue is full, could not add furhatos.event.senses.SenseUserEnter
Flow - unknown - A flow's queue is full, could not add furhatos.event.senses.SenseUserStatus
Flow - unknown - A flow's queue is full, could not add furhatos.event.actions.ActionGaze
Flow - unknown - A flow's queue is full, could not add furhatos.event.senses.SenseUserLeave
Flow - unknown - A flow's queue is full, could not add furhatos.event.senses.SenseUserEnter
Flow - unknown - A flow's queue is full, could not add furhatos.event.senses.SenseUserStatus
Flow - unknown - A flow's queue is full, could not add furhatos.event.actions.ActionGaze
Flow - unknown - A flow's queue is full, could not add furhatos.event.senses.SenseUserLeave
Flow - unknown - A flow's queue is full, could not add furhatos.event.senses.SenseUserStatus
Flow - unknown - A flow's queue is full, could not add furhatos.event.actions.ActionGaze
Flow - unknown - A flow's queue is full, could not add furhatos.event.actions.ActionGaze
Flow - unknown - A flow's queue is full, could not add furhatos.event.senses.SenseUserEnter
Flow - unknown - A flow's queue is full, could not add furhatos.event.senses.SenseUserStatus
Flow - unknown - A flow's queue is full, could not add furhatos.event.actions.ActionGaze
Flow - unknown - A flow's queue is full, could not add furhatos.event.senses.SenseUserLeave
Flow - unknown - A flow's queue is full, could not add furhatos.event.senses.SenseUserStatus
Flow - unknown - A flow's queue is full, could not add furhatos.event.actions.ActionGaze
Flow - unknown - A flow's queue is full, could not add furhatos.event.actions.ActionGaze
Flow - unknown - A flow's queue is full, could not add furhatos.event.actions.ActionGaze
Flow - unknown - A flow's queue is full, could not add furhatos.event.actions.ActionVirtualUserUpdate
Flow - unknown - A flow's queue is full, could not add furhatos.event.senses.SenseUsers
Flow - unknown - A flow's queue is full, could not add furhatos.event.senses.SenseUsers
Flow - unknown - A flow's queue is full, could not add furhatos.event.senses.SenseUsers
Flow - unknown - A flow's queue is full, could not add furhatos.event.senses.SenseUsers
Flow - unknown - A flow's queue is full, could not add furhatos.event.actions.ActionVirtualUserUpdate
Flow - unknown - A flow's queue is full, could not add furhatos.event.senses.SenseUsers
Flow - unknown - A flow's queue is full, could not add furhatos.event.senses.SenseUsers
Flow - unknown - A flow's queue is full, could not add furhatos.event.senses.SenseUsers
Flow - unknown - A flow's queue is full, could not add furhatos.event.senses.SenseUsers
Flow - unknown - A flow's queue is full, could not add furhatos.event.senses.SenseUserEnter
Flow - unknown - A flow's queue is full, could not add furhatos.event.senses.SenseUserStatus
Flow - unknown - A flow's queue is full, could not add furhatos.event.actions.ActionGaze
Flow - unknown - A flow's queue is full, could not add furhatos.event.senses.SenseUserLeave
Flow - unknown - A flow's queue is full, could not add furhatos.event.senses.SenseUserStatus
Flow - unknown - A flow's queue is full, could not add furhatos.event.actions.ActionGaze
Flow - unknown - A flow's queue is full, could not add furhatos.event.actions.ActionGaze
Flow - unknown - A flow's queue is full, could not add furhatos.event.actions.ActionGaze
Flow - unknown - A flow's queue is full, could not add furhatos.event.senses.SenseUserEnter
Flow - unknown - A flow's queue is full, could not add furhatos.event.senses.SenseUserStatus
Flow - unknown - A flow's queue is full, could not add furhatos.event.actions.ActionGaze
Flow - unknown - A flow's queue is full, could not add furhatos.event.senses.SenseUserLeave
Flow - unknown - A flow's queue is full, could not add furhatos.event.senses.SenseUserEnter
Flow - unknown - A flow's queue is full, could not add furhatos.event.senses.SenseUserStatus
Flow - unknown - A flow's queue is full, could not add furhatos.event.actions.ActionGaze
Flow - unknown - A flow's queue is full, could not add furhatos.event.senses.SenseUserLeave
Flow - unknown - A flow's queue is full, could not add furhatos.event.senses.SenseUserStatus
Flow - unknown - A flow's queue is full, could not add furhatos.event.actions.ActionGaze
Flow - unknown - A flow's queue is full, could not add furhatos.event.actions.ActionGaze
Flow - unknown - A flow's queue is full, could not add furhatos.event.senses.SenseUserEnter
Flow - unknown - A flow's queue is full, could not add furhatos.event.senses.SenseUserStatus
Flow - unknown - A flow's queue is full, could not add furhatos.event.actions.ActionGaze
Flow - unknown - A flow's queue is full, could not add furhatos.event.senses.SenseUserLeave
Flow - unknown - A flow's queue is full, could not add furhatos.event.senses.SenseUserEnter
Flow - unknown - A flow's queue is full, could not add furhatos.event.senses.SenseUserStatus
Flow - unknown - A flow's queue is full, could not add furhatos.event.actions.ActionGaze
Flow - unknown - A flow's queue is full, could not add furhatos.event.senses.SenseUserLeave
Flow - unknown - A flow's queue is full, could not add furhatos.event.senses.SenseUserStatus
Flow - unknown - A flow's queue is full, could not add furhatos.event.actions.ActionGaze
Flow - unknown - A flow's queue is full, could not add furhatos.event.actions.ActionGaze
Flow - unknown - A flow's queue is full, could not add furhatos.event.senses.SenseUserEnter
Flow - unknown - A flow's queue is full, could not add furhatos.event.senses.SenseUserStatus
Flow - unknown - A flow's queue is full, could not add furhatos.event.actions.ActionGaze
Flow - unknown - A flow's queue is full, could not add furhatos.event.senses.SenseUserLeave
Flow - unknown - A flow's queue is full, could not add furhatos.event.senses.SenseUserEnter
Flow - unknown - A flow's queue is full, could not add furhatos.event.senses.SenseUserStatus
Flow - unknown - A flow's queue is full, could not add furhatos.event.actions.ActionGaze
Flow - unknown - A flow's queue is full, could not add furhatos.event.senses.SenseUserLeave
Flow - unknown - A flow's queue is full, could not add furhatos.event.senses.SenseUserStatus
Flow - unknown - A flow's queue is full, could not add furhatos.event.actions.ActionGaze
Flow - unknown - A flow's queue is full, could not add furhatos.event.actions.ActionGaze
Flow - unknown - A flow's queue is full, could not add furhatos.event.senses.SenseUserEnter
Flow - unknown - A flow's queue is full, could not add furhatos.event.senses.SenseUserStatus
Flow - unknown - A flow's queue is full, could not add furhatos.event.actions.ActionGaze
Flow - unknown - A flow's queue is full, could not add furhatos.event.senses.SenseUserLeave
Flow - unknown - A flow's queue is full, could not add furhatos.event.senses.SenseUserEnter
Flow - unknown - A flow's queue is full, could not add furhatos.event.senses.SenseUserStatus
Flow - unknown - A flow's queue is full, could not add furhatos.event.actions.ActionGaze
Flow - unknown - A flow's queue is full, could not add furhatos.event.senses.SenseUserLeave
Flow - unknown - A flow's queue is full, could not add furhatos.event.senses.SenseUserStatus
Flow - unknown - A flow's queue is full, could not add furhatos.event.actions.ActionGaze
Flow - unknown - A flow's queue is full, could not add furhatos.event.actions.ActionGaze
Flow - unknown - A flow's queue is full, could not add furhatos.event.senses.SenseUserEnter
Flow - unknown - A flow's queue is full, could not add furhatos.event.senses.SenseUserStatus
Flow - unknown - A flow's queue is full, could not add furhatos.event.actions.ActionGaze
Flow - unknown - A flow's queue is full, could not add furhatos.event.senses.SenseUserLeave
Flow - unknown - A flow's queue is full, could not add furhatos.event.senses.SenseUserStatus
Flow - unknown - A flow's queue is full, could not add furhatos.event.actions.ActionGaze
Flow - unknown - A flow's queue is full, could not add furhatos.event.senses.SenseUserEnter
Flow - unknown - A flow's queue is full, could not add furhatos.event.senses.SenseUserStatus
Flow - unknown - A flow's queue is full, could not add furhatos.event.actions.ActionGaze
Flow - unknown - A flow's queue is full, could not add furhatos.event.senses.SenseUserLeave
Flow - unknown - A flow's queue is full, could not add furhatos.event.senses.SenseUserStatus
Flow - unknown - A flow's queue is full, could not add furhatos.event.actions.ActionGaze
Flow - unknown - A flow's queue is full, could not add furhatos.event.senses.SenseUserEnter
Flow - unknown - A flow's queue is full, could not add furhatos.event.senses.SenseUserStatus
Flow - unknown - A flow's queue is full, could not add furhatos.event.actions.ActionGaze
Flow - unknown - A flow's queue is full, could not add furhatos.event.senses.SenseUserLeave
Flow - unknown - A flow's queue is full, could not add furhatos.event.senses.SenseUserEnter
Flow - unknown - A flow's queue is full, could not add furhatos.event.senses.SenseUserStatus
Flow - unknown - A flow's queue is full, could not add furhatos.event.actions.ActionGaze
Flow - unknown - A flow's queue is full, could not add furhatos.event.senses.SenseUserLeave
Flow - unknown - A flow's queue is full, could not add furhatos.event.senses.SenseUserStatus
Flow - unknown - A flow's queue is full, could not add furhatos.event.actions.ActionGaze
Flow - unknown - A flow's queue is full, could not add furhatos.event.actions.ActionGaze
Flow - unknown - A flow's queue is full, could not add furhatos.event.senses.SenseUserEnter
Flow - unknown - A flow's queue is full, could not add furhatos.event.senses.SenseUserStatus
Flow - unknown - A flow's queue is full, could not add furhatos.event.actions.ActionGaze
Flow - unknown - A flow's queue is full, could not add furhatos.event.senses.SenseUserLeave
Flow - unknown - A flow's queue is full, could not add furhatos.event.senses.SenseUserStatus
Flow - unknown - A flow's queue is full, could not add furhatos.event.actions.ActionGaze
Flow - unknown - A flow's queue is full, could not add furhatos.event.senses.SenseUserEnter
Flow - unknown - A flow's queue is full, could not add furhatos.event.senses.SenseUserStatus
Flow - unknown - A flow's queue is full, could not add furhatos.event.actions.ActionGaze
Flow - unknown - A flow's queue is full, could not add furhatos.event.senses.SenseUserLeave
Flow - unknown - A flow's queue is full, could not add furhatos.event.senses.SenseUserEnter
Flow - unknown - A flow's queue is full, could not add furhatos.event.senses.SenseUserStatus
Flow - unknown - A flow's queue is full, could not add furhatos.event.actions.ActionGaze
Flow - unknown - A flow's queue is full, could not add furhatos.event.senses.SenseUserLeave
Flow - unknown - A flow's queue is full, could not add furhatos.event.senses.SenseUserStatus
Flow - unknown - A flow's queue is full, could not add furhatos.event.actions.ActionGaze
Flow - unknown - A flow's queue is full, could not add furhatos.event.senses.SenseUserEnter
Flow - unknown - A flow's queue is full, could not add furhatos.event.senses.SenseUserStatus
Flow - unknown - A flow's queue is full, could not add furhatos.event.actions.ActionGaze
Flow - unknown - A flow's queue is full, could not add furhatos.event.senses.SenseUserLeave
Flow - unknown - A flow's queue is full, could not add furhatos.event.senses.SenseUserStatus
Flow - unknown - A flow's queue is full, could not add furhatos.event.actions.ActionGaze
Flow - unknown - A flow's queue is full, could not add furhatos.event.senses.SenseUserEnter
Flow - unknown - A flow's queue is full, could not add furhatos.event.senses.SenseUserStatus
Flow - unknown - A flow's queue is full, could not add furhatos.event.actions.ActionGaze
Flow - unknown - A flow's queue is full, could not add furhatos.event.senses.SenseUserLeave
Flow - unknown - A flow's queue is full, could not add furhatos.event.senses.SenseUserStatus
Flow - unknown - A flow's queue is full, could not add furhatos.event.actions.ActionGaze
Flow - unknown - A flow's queue is full, could not add furhatos.event.actions.ActionGaze
Flow - unknown - A flow's queue is full, could not add furhatos.event.actions.ActionGaze
Flow - unknown - A flow's queue is full, could not add furhatos.event.actions.ActionGaze
Flow - unknown - A flow's queue is full, could not add furhatos.event.actions.ActionGaze
Flow - unknown - A flow's queue is full, could not add furhatos.event.actions.ActionGaze
Flow - unknown - A flow's queue is full, could not add furhatos.event.actions.ActionGaze
Flow - unknown - A flow's queue is full, could not add furhatos.event.actions.ActionGaze
Flow - unknown - A flow's queue is full, could not add furhatos.event.senses.SenseUserEnter
Flow - unknown - A flow's queue is full, could not add furhatos.event.senses.SenseUserStatus
Flow - unknown - A flow's queue is full, could not add furhatos.event.actions.ActionGaze
Flow - unknown - A flow's queue is full, could not add furhatos.event.senses.SenseUserLeave
Flow - unknown - A flow's queue is full, could not add furhatos.event.senses.SenseUserEnter
Flow - unknown - A flow's queue is full, could not add furhatos.event.senses.SenseUserStatus
Flow - unknown - A flow's queue is full, could not add furhatos.event.actions.ActionGaze
Flow - unknown - A flow's queue is full, could not add furhatos.event.senses.SenseUserLeave
Flow - unknown - A flow's queue is full, could not add furhatos.event.senses.SenseUserStatus
Flow - unknown - A flow's queue is full, could not add furhatos.event.actions.ActionGaze
Flow - unknown - A flow's queue is full, could not add furhatos.event.actions.ActionGaze
Flow - unknown - A flow's queue is full, could not add furhatos.event.senses.SenseUserEnter
Flow - unknown - A flow's queue is full, could not add furhatos.event.senses.SenseUserStatus
Flow - unknown - A flow's queue is full, could not add furhatos.event.actions.ActionGaze
Flow - unknown - A flow's queue is full, could not add furhatos.event.senses.SenseUserLeave
Flow - unknown - A flow's queue is full, could not add furhatos.event.senses.SenseUserEnter
Flow - unknown - A flow's queue is full, could not add furhatos.event.senses.SenseUserStatus
Flow - unknown - A flow's queue is full, could not add furhatos.event.actions.ActionGaze
Flow - unknown - A flow's queue is full, could not add furhatos.event.senses.SenseUserLeave
Flow - unknown - A flow's queue is full, could not add furhatos.event.senses.SenseUserStatus
Flow - unknown - A flow's queue is full, could not add furhatos.event.actions.ActionGaze
Flow - unknown - A flow's queue is full, could not add furhatos.event.actions.ActionGaze
Flow - unknown - A flow's queue is full, could not add furhatos.event.senses.SenseUserEnter
Flow - unknown - A flow's queue is full, could not add furhatos.event.senses.SenseUserStatus
Flow - unknown - A flow's queue is full, could not add furhatos.event.actions.ActionGaze
Flow - unknown - A flow's queue is full, could not add furhatos.event.senses.SenseUserLeave
Flow - unknown - A flow's queue is full, could not add furhatos.event.senses.SenseUserStatus
Flow - unknown - A flow's queue is full, could not add furhatos.event.actions.ActionGaze
Flow - unknown - A flow's queue is full, could not add furhatos.event.actions.ActionGaze
Flow - unknown - A flow's queue is full, could not add furhatos.event.actions.ActionGaze
Flow - unknown - A flow's queue is full, could not add furhatos.event.senses.SenseUserEnter
Flow - unknown - A flow's queue is full, could not add furhatos.event.senses.SenseUserStatus
Flow - unknown - A flow's queue is full, could not add furhatos.event.senses.SenseUserLeave
Flow - unknown - A flow's queue is full, could not add furhatos.event.senses.SenseUserEnter
Flow - unknown - A flow's queue is full, could not add furhatos.event.senses.SenseUserStatus
Flow - unknown - A flow's queue is full, could not add furhatos.event.actions.ActionGaze
Flow - unknown - A flow's queue is full, could not add furhatos.event.actions.ActionGaze
Flow - unknown - A flow's queue is full, could not add furhatos.event.senses.SenseUserLeave
Flow - unknown - A flow's queue is full, could not add furhatos.event.senses.SenseUserStatus
Flow - unknown - A flow's queue is full, could not add furhatos.event.actions.ActionGaze
Flow - unknown - A flow's queue is full, could not add furhatos.event.actions.ActionGaze
Flow - unknown - A flow's queue is full, could not add furhatos.event.senses.SenseUserEnter
Flow - unknown - A flow's queue is full, could not add furhatos.event.senses.SenseUserStatus
Flow - unknown - A flow's queue is full, could not add furhatos.event.actions.ActionGaze
Flow - unknown - A flow's queue is full, could not add furhatos.event.senses.SenseUserLeave
Flow - unknown - A flow's queue is full, could not add furhatos.event.senses.SenseUserEnter
Flow - unknown - A flow's queue is full, could not add furhatos.event.senses.SenseUserStatus
Flow - unknown - A flow's queue is full, could not add furhatos.event.senses.SenseUserLeave
Flow - unknown - A flow's queue is full, could not add furhatos.event.senses.SenseUserStatus
Flow - unknown - A flow's queue is full, could not add furhatos.event.actions.ActionGaze
Flow - unknown - A flow's queue is full, could not add furhatos.event.actions.ActionGaze
Flow - unknown - A flow's queue is full, could not add furhatos.event.monitors.MonitorGaze
Flow - unknown - A flow's queue is full, could not add furhatos.event.monitors.MonitorGaze
Flow - unknown - A flow's queue is full, could not add furhatos.event.monitors.MonitorGaze
Flow - unknown - A flow's queue is full, could not add furhatos.event.monitors.MonitorGaze
Flow - unknown - A flow's queue is full, could not add furhatos.event.actions.ActionGaze
Flow - unknown - A flow's queue is full, could not add furhatos.event.senses.SenseUserEnter
Flow - unknown - A flow's queue is full, could not add furhatos.event.senses.SenseUserStatus
Flow - unknown - A flow's queue is full, could not add furhatos.event.actions.ActionGaze
Flow - unknown - A flow's queue is full, could not add furhatos.event.actions.ActionGaze
Flow - unknown - A flow's queue is full, could not add furhatos.event.senses.SenseUserLeave
Flow - unknown - A flow's queue is full, could not add furhatos.event.senses.SenseUserEnter
Flow - unknown - A flow's queue is full, could not add furhatos.event.senses.SenseUserStatus
Flow - unknown - A flow's queue is full, could not add furhatos.event.actions.ActionGaze
Flow - unknown - A flow's queue is full, could not add furhatos.event.actions.ActionGaze
Flow - unknown - A flow's queue is full, could not add furhatos.event.senses.SenseUserLeave
Flow - unknown - A flow's queue is full, could not add furhatos.event.senses.SenseUserStatus
Flow - unknown - A flow's queue is full, could not add furhatos.event.actions.ActionGaze
Flow - unknown - A flow's queue is full, could not add furhatos.event.actions.ActionGaze
Flow - unknown - A flow's queue is full, could not add furhatos.event.actions.ActionGaze
Flow - unknown - A flow's queue is full, could not add furhatos.event.actions.ActionGaze
Flow - unknown - A flow's queue is full, could not add furhatos.event.senses.SenseUserEnter
Flow - unknown - A flow's queue is full, could not add furhatos.event.senses.SenseUserStatus
Flow - unknown - A flow's queue is full, could not add furhatos.event.actions.ActionGaze
Flow - unknown - A flow's queue is full, could not add furhatos.event.senses.SenseUserLeave
Flow - unknown - A flow's queue is full, could not add furhatos.event.senses.SenseUserEnter
Flow - unknown - A flow's queue is full, could not add furhatos.event.senses.SenseUserStatus
Flow - unknown - A flow's queue is full, could not add furhatos.event.actions.ActionGaze
Flow - unknown - A flow's queue is full, could not add furhatos.event.senses.SenseUserLeave
Flow - unknown - A flow's queue is full, could not add furhatos.event.senses.SenseUserStatus
Flow - unknown - A flow's queue is full, could not add furhatos.event.actions.ActionGaze
Flow - unknown - A flow's queue is full, could not add furhatos.event.actions.ActionGaze
Flow - unknown - A flow's queue is full, could not add furhatos.event.senses.SenseUserEnter
Flow - unknown - A flow's queue is full, could not add furhatos.event.senses.SenseUserStatus
Flow - unknown - A flow's queue is full, could not add furhatos.event.actions.ActionGaze
Flow - unknown - A flow's queue is full, could not add furhatos.event.actions.ActionGaze
Flow - unknown - A flow's queue is full, could not add furhatos.event.senses.SenseUserLeave
Flow - unknown - A flow's queue is full, could not add furhatos.event.senses.SenseUserStatus
Flow - unknown - A flow's queue is full, could not add furhatos.event.actions.ActionGaze
Flow - unknown - A flow's queue is full, could not add furhatos.event.actions.ActionGaze
Flow - unknown - A flow's queue is full, could not add furhatos.event.senses.SenseUserEnter
Flow - unknown - A flow's queue is full, could not add furhatos.event.senses.SenseUserStatus
Flow - unknown - A flow's queue is full, could not add furhatos.event.actions.ActionGaze
Flow - unknown - A flow's queue is full, could not add furhatos.event.senses.SenseUserLeave
Flow - unknown - A flow's queue is full, could not add furhatos.event.senses.SenseUserStatus
Flow - unknown - A flow's queue is full, could not add furhatos.event.actions.ActionGaze
Flow - unknown - A flow's queue is full, could not add furhatos.event.senses.SenseUserEnter
Flow - unknown - A flow's queue is full, could not add furhatos.event.senses.SenseUserStatus
Flow - unknown - A flow's queue is full, could not add furhatos.event.actions.ActionGaze
Flow - unknown - A flow's queue is full, could not add furhatos.event.senses.SenseUserLeave
Flow - unknown - A flow's queue is full, could not add furhatos.event.senses.SenseUserStatus
Flow - unknown - A flow's queue is full, could not add furhatos.event.actions.ActionGaze
Flow - unknown - A flow's queue is full, could not add furhatos.event.actions.ActionGaze
Flow - unknown - A flow's queue is full, could not add furhatos.event.senses.SenseUserEnter
Flow - unknown - A flow's queue is full, could not add furhatos.event.senses.SenseUserStatus
Flow - unknown - A flow's queue is full, could not add furhatos.event.actions.ActionGaze
Flow - unknown - A flow's queue is full, could not add furhatos.event.senses.SenseUserLeave
Flow - unknown - A flow's queue is full, could not add furhatos.event.senses.SenseUserStatus
Flow - unknown - A flow's queue is full, could not add furhatos.event.actions.ActionGaze
Flow - unknown - A flow's queue is full, could not add furhatos.event.actions.ActionGaze
Flow - unknown - A flow's queue is full, could not add furhatos.event.senses.SenseUserEnter
Flow - unknown - A flow's queue is full, could not add furhatos.event.senses.SenseUserStatus
Flow - unknown - A flow's queue is full, could not add furhatos.event.actions.ActionGaze
Flow - unknown - A flow's queue is full, could not add furhatos.event.senses.SenseUserLeave
Flow - unknown - A flow's queue is full, could not add furhatos.event.senses.SenseUserStatus
Flow - unknown - A flow's queue is full, could not add furhatos.event.actions.ActionGaze
Flow - unknown - A flow's queue is full, could not add furhatos.event.senses.SenseUserEnter
Flow - unknown - A flow's queue is full, could not add furhatos.event.senses.SenseUserStatus
Flow - unknown - A flow's queue is full, could not add furhatos.event.actions.ActionGaze
Flow - unknown - A flow's queue is full, could not add furhatos.event.senses.SenseUserLeave
Flow - unknown - A flow's queue is full, could not add furhatos.event.senses.SenseUserStatus
Flow - unknown - A flow's queue is full, could not add furhatos.event.actions.ActionGaze
Flow - unknown - A flow's queue is full, could not add furhatos.event.actions.ActionGaze
Flow - unknown - A flow's queue is full, could not add furhatos.event.monitors.MonitorGaze
Flow - unknown - A flow's queue is full, could not add furhatos.event.monitors.MonitorGaze
Flow - unknown - A flow's queue is full, could not add furhatos.event.monitors.MonitorGaze
Flow - unknown - A flow's queue is full, could not add furhatos.event.monitors.MonitorGaze
Flow - unknown - A flow's queue is full, could not add furhatos.event.monitors.MonitorGaze
Flow - unknown - A flow's queue is full, could not add furhatos.event.monitors.MonitorGaze
Flow - unknown - A flow's queue is full, could not add furhatos.event.monitors.MonitorGaze
Flow - unknown - A flow's queue is full, could not add furhatos.event.monitors.MonitorGaze
Flow - unknown - A flow's queue is full, could not add furhatos.event.senses.SenseUserEnter
Flow - unknown - A flow's queue is full, could not add furhatos.event.senses.SenseUserStatus
Flow - unknown - A flow's queue is full, could not add furhatos.event.actions.ActionGaze
Flow - unknown - A flow's queue is full, could not add furhatos.event.monitors.MonitorGaze
Flow - unknown - A flow's queue is full, could not add furhatos.event.monitors.MonitorGaze
Flow - unknown - A flow's queue is full, could not add furhatos.event.monitors.MonitorGaze
Flow - unknown - A flow's queue is full, could not add furhatos.event.actions.ActionGaze
Flow - unknown - A flow's queue is full, could not add furhatos.event.actions.ActionGaze
Flow - unknown - A flow's queue is full, could not add furhatos.event.monitors.MonitorGaze
Flow - unknown - A flow's queue is full, could not add furhatos.event.monitors.MonitorGaze
Flow - unknown - A flow's queue is full, could not add furhatos.event.monitors.MonitorGaze
Flow - unknown - A flow's queue is full, could not add furhatos.event.monitors.MonitorGaze
Flow - unknown - A flow's queue is full, could not add furhatos.event.monitors.MonitorGaze
Flow - unknown - A flow's queue is full, could not add furhatos.event.monitors.MonitorGaze
Flow - unknown - A flow's queue is full, could not add furhatos.event.actions.ActionGesture
Flow - unknown - A flow's queue is full, could not add furhatos.event.monitors.MonitorGestureStart
Flow - unknown - A flow's queue is full, could not add furhatos.event.monitors.MonitorGestureStart
Flow - unknown - A flow's queue is full, could not add furhatos.event.monitors.MonitorGestureStart
Flow - unknown - A flow's queue is full, could not add furhatos.event.monitors.MonitorGestureStart
Flow - unknown - A flow's queue is full, could not add furhatos.event.monitors.MonitorGaze
Flow - unknown - A flow's queue is full, could not add furhatos.event.monitors.MonitorGaze
Flow - unknown - A flow's queue is full, could not add furhatos.event.monitors.MonitorGaze
Flow - unknown - A flow's queue is full, could not add furhatos.event.monitors.MonitorGaze
Flow - unknown - A flow's queue is full, could not add furhatos.event.monitors.MonitorGaze
Flow - unknown - A flow's queue is full, could not add furhatos.event.monitors.MonitorGaze
Flow - unknown - A flow's queue is full, could not add furhatos.event.monitors.MonitorGaze
Flow - unknown - A flow's queue is full, could not add furhatos.event.senses.SenseUserLeave
Flow - unknown - A flow's queue is full, could not add furhatos.event.senses.SenseUserStatus
Flow - unknown - A flow's queue is full, could not add furhatos.event.senses.SenseUserEnter
Flow - unknown - A flow's queue is full, could not add furhatos.event.senses.SenseUserStatus
Flow - unknown - A flow's queue is full, could not add furhatos.event.actions.ActionGaze
Flow - unknown - A flow's queue is full, could not add furhatos.event.actions.ActionGaze
Flow - unknown - A flow's queue is full, could not add furhatos.event.senses.SenseUserLeave
Flow - unknown - A flow's queue is full, could not add furhatos.event.senses.SenseUserStatus
Flow - unknown - A flow's queue is full, could not add furhatos.event.actions.ActionGaze
Flow - unknown - A flow's queue is full, could not add furhatos.event.actions.ActionGaze
Flow - unknown - A flow's queue is full, could not add furhatos.event.senses.SenseUserEnter
Flow - unknown - A flow's queue is full, could not add furhatos.event.senses.SenseUserStatus
Flow - unknown - A flow's queue is full, could not add furhatos.event.actions.ActionGaze
Flow - unknown - A flow's queue is full, could not add furhatos.event.senses.SenseUserLeave
Flow - unknown - A flow's queue is full, could not add furhatos.event.senses.SenseUserStatus
Flow - unknown - A flow's queue is full, could not add furhatos.event.actions.ActionGaze
Flow - unknown - A flow's queue is full, could not add furhatos.event.senses.SenseUserEnter
Flow - unknown - A flow's queue is full, could not add furhatos.event.senses.SenseUserStatus
Flow - unknown - A flow's queue is full, could not add furhatos.event.actions.ActionGaze
Flow - unknown - A flow's queue is full, could not add furhatos.event.senses.SenseUserLeave
Flow - unknown - A flow's queue is full, could not add furhatos.event.senses.SenseUserStatus
Flow - unknown - A flow's queue is full, could not add furhatos.event.actions.ActionGaze
Flow - unknown - A flow's queue is full, could not add furhatos.event.monitors.MonitorGaze
Flow - unknown - A flow's queue is full, could not add furhatos.event.monitors.MonitorGaze
Flow - unknown - A flow's queue is full, could not add furhatos.event.monitors.MonitorGaze
Flow - unknown - A flow's queue is full, could not add furhatos.event.monitors.MonitorGaze
Flow - unknown - A flow's queue is full, could not add furhatos.event.monitors.MonitorGaze
Flow - unknown - A flow's queue is full, could not add furhatos.event.monitors.MonitorGaze
Flow - unknown - A flow's queue is full, could not add furhatos.event.monitors.MonitorGaze
Flow - unknown - A flow's queue is full, could not add furhatos.event.monitors.MonitorGaze
Flow - unknown - A flow's queue is full, could not add furhatos.event.monitors.MonitorGaze
Flow - unknown - A flow's queue is full, could not add furhatos.event.monitors.MonitorGaze
Flow - unknown - A flow's queue is full, could not add furhatos.event.monitors.MonitorGaze
Flow - unknown - A flow's queue is full, could not add furhatos.event.monitors.MonitorGaze
Flow - unknown - A flow's queue is full, could not add furhatos.event.monitors.MonitorGestureEnd
Flow - unknown - A flow's queue is full, could not add furhatos.event.monitors.MonitorGaze
Flow - unknown - A flow's queue is full, could not add furhatos.event.monitors.MonitorGaze
Flow - unknown - A flow's queue is full, could not add furhatos.event.monitors.MonitorGaze
Flow - unknown - A flow's queue is full, could not add furhatos.event.monitors.MonitorGaze
Flow - unknown - A flow's queue is full, could not add furhatos.event.monitors.MonitorGaze
Flow - unknown - A flow's queue is full, could not add furhatos.event.monitors.MonitorGaze
Flow - unknown - A flow's queue is full, could not add furhatos.event.monitors.MonitorGaze
Flow - unknown - A flow's queue is full, could not add furhatos.event.monitors.MonitorGaze
Flow - unknown - A flow's queue is full, could not add furhatos.event.monitors.MonitorGestureEnd
Flow - unknown - A flow's queue is full, could not add furhatos.event.monitors.MonitorGestureEnd
Flow - unknown - A flow's queue is full, could not add furhatos.event.monitors.MonitorGestureEnd
Flow - unknown - A flow's queue is full, could not add furhatos.event.monitors.MonitorGaze
Flow - unknown - A flow's queue is full, could not add furhatos.event.monitors.MonitorGaze
Flow - unknown - A flow's queue is full, could not add furhatos.event.monitors.MonitorGaze
Flow - unknown - A flow's queue is full, could not add furhatos.event.monitors.MonitorGaze
Flow - unknown - A flow's queue is full, could not add furhatos.event.monitors.MonitorGaze
Flow - unknown - A flow's queue is full, could not add furhatos.event.monitors.MonitorGaze
Flow - unknown - A flow's queue is full, could not add furhatos.event.monitors.MonitorGaze
Flow - unknown - A flow's queue is full, could not add furhatos.event.monitors.MonitorGaze
Flow - unknown - A flow's queue is full, could not add furhatos.event.monitors.MonitorGaze
Flow - unknown - A flow's queue is full, could not add furhatos.event.monitors.MonitorGaze
Flow - unknown - A flow's queue is full, could not add furhatos.event.monitors.MonitorGaze
Flow - unknown - A flow's queue is full, could not add furhatos.event.monitors.MonitorGaze
Flow - unknown - A flow's queue is full, could not add furhatos.event.monitors.MonitorGaze
Flow - unknown - A flow's queue is full, could not add furhatos.event.monitors.MonitorGaze
Flow - unknown - A flow's queue is full, could not add furhatos.event.monitors.MonitorGaze
Flow - unknown - A flow's queue is full, could not add furhatos.event.monitors.MonitorGaze
Flow - unknown - A flow's queue is full, could not add furhatos.event.monitors.MonitorGaze
Flow - unknown - A flow's queue is full, could not add furhatos.event.monitors.MonitorGaze
Flow - unknown - A flow's queue is full, could not add furhatos.event.monitors.MonitorGaze
Flow - unknown - A flow's queue is full, could not add furhatos.event.monitors.MonitorGaze
Flow - unknown - A flow's queue is full, could not add furhatos.event.monitors.MonitorGaze
Flow - unknown - A flow's queue is full, could not add furhatos.event.monitors.MonitorGaze
Flow - unknown - A flow's queue is full, could not add furhatos.event.monitors.MonitorGaze
Flow - unknown - A flow's queue is full, could not add furhatos.event.monitors.MonitorGaze
Flow - unknown - A flow's queue is full, could not add furhatos.event.monitors.MonitorGaze
Flow - unknown - A flow's queue is full, could not add furhatos.event.monitors.MonitorGaze
Flow - unknown - A flow's queue is full, could not add furhatos.event.monitors.MonitorGaze
Flow - unknown - A flow's queue is full, could not add furhatos.event.monitors.MonitorGaze
Flow - unknown - A flow's queue is full, could not add furhatos.event.monitors.MonitorGaze
Flow - unknown - A flow's queue is full, could not add furhatos.event.monitors.MonitorGaze
Flow - unknown - A flow's queue is full, could not add furhatos.event.monitors.MonitorGaze
Flow - unknown - A flow's queue is full, could not add furhatos.event.monitors.MonitorGaze
Flow - unknown - A flow's queue is full, could not add furhatos.event.monitors.MonitorGaze
Flow - unknown - A flow's queue is full, could not add furhatos.event.monitors.MonitorGaze
Flow - unknown - A flow's queue is full, could not add furhatos.event.monitors.MonitorGaze
Flow - unknown - A flow's queue is full, could not add furhatos.event.monitors.MonitorGaze
Flow - unknown - A flow's queue is full, could not add furhatos.event.monitors.MonitorGaze
Flow - unknown - A flow's queue is full, could not add furhatos.event.monitors.MonitorGaze
Flow - unknown - A flow's queue is full, could not add furhatos.event.monitors.MonitorGaze
Flow - unknown - A flow's queue is full, could not add furhatos.event.monitors.MonitorGaze
Flow - unknown - A flow's queue is full, could not add furhatos.event.monitors.MonitorGaze
Flow - unknown - A flow's queue is full, could not add furhatos.event.monitors.MonitorGaze
Flow - unknown - A flow's queue is full, could not add furhatos.event.monitors.MonitorGaze
Flow - unknown - A flow's queue is full, could not add furhatos.event.monitors.MonitorGaze
Flow - unknown - A flow's queue is full, could not add furhatos.event.actions.ActionGesture
Flow - unknown - A flow's queue is full, could not add furhatos.event.monitors.MonitorGestureStart
Flow - unknown - A flow's queue is full, could not add furhatos.event.monitors.MonitorGestureStart
Flow - unknown - A flow's queue is full, could not add furhatos.event.monitors.MonitorGestureStart
Flow - unknown - A flow's queue is full, could not add furhatos.event.monitors.MonitorGestureStart
Flow - unknown - A flow's queue is full, could not add furhatos.event.monitors.MonitorGaze
Flow - unknown - A flow's queue is full, could not add furhatos.event.monitors.MonitorGaze
Flow - unknown - A flow's queue is full, could not add furhatos.event.monitors.MonitorGaze
Flow - unknown - A flow's queue is full, could not add furhatos.event.monitors.MonitorGaze
Flow - unknown - A flow's queue is full, could not add furhatos.event.monitors.MonitorGaze
Flow - unknown - A flow's queue is full, could not add furhatos.event.monitors.MonitorGaze
Flow - unknown - A flow's queue is full, could not add furhatos.event.monitors.MonitorGaze
Flow - unknown - A flow's queue is full, could not add furhatos.event.monitors.MonitorGaze
Flow - unknown - A flow's queue is full, could not add furhatos.event.monitors.MonitorGaze
Flow - unknown - A flow's queue is full, could not add furhatos.event.monitors.MonitorGaze
Flow - unknown - A flow's queue is full, could not add furhatos.event.monitors.MonitorGaze
Flow - unknown - A flow's queue is full, could not add furhatos.event.monitors.MonitorGaze
Flow - unknown - A flow's queue is full, could not add furhatos.event.monitors.MonitorGaze
Flow - unknown - A flow's queue is full, could not add furhatos.event.monitors.MonitorGaze
Flow - unknown - A flow's queue is full, could not add furhatos.event.monitors.MonitorGaze
Flow - unknown - A flow's queue is full, could not add furhatos.event.monitors.MonitorGaze
Flow - unknown - A flow's queue is full, could not add furhatos.event.monitors.MonitorGaze
Flow - unknown - A flow's queue is full, could not add furhatos.event.monitors.MonitorGaze
Flow - unknown - A flow's queue is full, could not add furhatos.event.monitors.MonitorGaze
Flow - unknown - A flow's queue is full, could not add furhatos.event.monitors.MonitorGaze
Flow - unknown - A flow's queue is full, could not add furhatos.event.monitors.MonitorGestureEnd
Flow - unknown - A flow's queue is full, could not add furhatos.event.monitors.MonitorGestureEnd
Flow - unknown - A flow's queue is full, could not add furhatos.event.monitors.MonitorGestureEnd
Flow - unknown - A flow's queue is full, could not add furhatos.event.monitors.MonitorGestureEnd
Flow - unknown - A flow's queue is full, could not add furhatos.event.actions.ActionGesture
Flow - unknown - A flow's queue is full, could not add furhatos.event.monitors.MonitorGestureStart
Flow - unknown - A flow's queue is full, could not add furhatos.event.monitors.MonitorGestureStart
Flow - unknown - A flow's queue is full, could not add furhatos.event.monitors.MonitorGestureStart
Flow - unknown - A flow's queue is full, could not add furhatos.event.monitors.MonitorGestureStart
Flow - unknown - A flow's queue is full, could not add furhatos.event.monitors.MonitorGaze
Flow - unknown - A flow's queue is full, could not add furhatos.event.monitors.MonitorGaze
Flow - unknown - A flow's queue is full, could not add furhatos.event.monitors.MonitorGaze
Flow - unknown - A flow's queue is full, could not add furhatos.event.monitors.MonitorGaze
Flow - unknown - A flow's queue is full, could not add furhatos.event.monitors.MonitorGaze
Flow - unknown - A flow's queue is full, could not add furhatos.event.monitors.MonitorGaze
Flow - unknown - A flow's queue is full, could not add furhatos.event.monitors.MonitorGaze
Flow - unknown - A flow's queue is full, could not add furhatos.event.monitors.MonitorGaze
Flow - unknown - A flow's queue is full, could not add furhatos.event.monitors.MonitorGaze
Flow - unknown - A flow's queue is full, could not add furhatos.event.monitors.MonitorGaze
Flow - unknown - A flow's queue is full, could not add furhatos.event.monitors.MonitorGaze
Flow - unknown - A flow's queue is full, could not add furhatos.event.monitors.MonitorGaze
Flow - unknown - A flow's queue is full, could not add furhatos.event.monitors.MonitorGaze
Flow - unknown - A flow's queue is full, could not add furhatos.event.monitors.MonitorGaze
Flow - unknown - A flow's queue is full, could not add furhatos.event.monitors.MonitorGaze
Flow - unknown - A flow's queue is full, could not add furhatos.event.monitors.MonitorGaze
Flow - unknown - A flow's queue is full, could not add furhatos.event.actions.ActionGesture
Flow - unknown - A flow's queue is full, could not add furhatos.event.monitors.MonitorGestureStart
Flow - unknown - A flow's queue is full, could not add furhatos.event.monitors.MonitorGestureStart
Flow - unknown - A flow's queue is full, could not add furhatos.event.monitors.MonitorGestureStart
Flow - unknown - A flow's queue is full, could not add furhatos.event.monitors.MonitorGestureStart

20:39:03 [ErrorLoggingThread] ERROR SpacereceptionistSkill:459 - Flow - unknown - A flow's queue is full, could not add furhatos.event.monitors.MonitorGestureEnd
Flow - unknown - A flow's queue is full, could not add furhatos.event.monitors.MonitorGestureEnd
Flow - unknown - A flow's queue is full, could not add furhatos.event.monitors.MonitorGestureEnd
Flow - unknown - A flow's queue is full, could not add furhatos.event.monitors.MonitorGestureEnd
Flow - unknown - A flow's queue is full, could not add furhatos.event.monitors.MonitorGestureEnd
Flow - unknown - A flow's queue is full, could not add furhatos.event.monitors.MonitorGestureEnd
Flow - unknown - A flow's queue is full, could not add furhatos.event.monitors.MonitorGestureEnd
Flow - unknown - A flow's queue is full, could not add furhatos.event.monitors.MonitorGestureEnd
Flow - unknown - A flow's queue is full, could not add furhatos.event.actions.ActionGesture
Flow - unknown - A flow's queue is full, could not add furhatos.event.monitors.MonitorGestureStart
Flow - unknown - A flow's queue is full, could not add furhatos.event.monitors.MonitorGestureStart
Flow - unknown - A flow's queue is full, could not add furhatos.event.monitors.MonitorGestureStart
Flow - unknown - A flow's queue is full, could not add furhatos.event.monitors.MonitorGestureStart

20:39:04 [ErrorLoggingThread] ERROR SpacereceptionistSkill:459 - Flow - unknown - A flow's queue is full, could not add furhatos.event.monitors.MonitorGestureEnd
Flow - unknown - A flow's queue is full, could not add furhatos.event.monitors.MonitorGestureEnd
Flow - unknown - A flow's queue is full, could not add furhatos.event.monitors.MonitorGestureEnd
Flow - unknown - A flow's queue is full, could not add furhatos.event.monitors.MonitorGestureEnd

20:39:05 [ErrorLoggingThread] ERROR SpacereceptionistSkill:459 - Flow - unknown - A flow's queue is full, could not add furhatos.event.actions.ActionGesture
Flow - unknown - A flow's queue is full, could not add furhatos.event.monitors.MonitorGestureStart
Flow - unknown - A flow's queue is full, could not add furhatos.event.monitors.MonitorGestureStart
Flow - unknown - A flow's queue is full, could not add furhatos.event.monitors.MonitorGestureStart
Flow - unknown - A flow's queue is full, could not add furhatos.event.monitors.MonitorGestureStart

20:39:05 [ErrorLoggingThread] ERROR SpacereceptionistSkill:459 - Flow - unknown - A flow's queue is full, could not add furhatos.event.monitors.MonitorGestureEnd
Flow - unknown - A flow's queue is full, could not add furhatos.event.monitors.MonitorGestureEnd
Flow - unknown - A flow's queue is full, could not add furhatos.event.monitors.MonitorGestureEnd
Flow - unknown - A flow's queue is full, could not add furhatos.event.monitors.MonitorGestureEnd

20:39:06 [ErrorLoggingThread] ERROR SpacereceptionistSkill:459 - Flow - unknown - A flow's queue is full, could not add furhatos.event.actions.ActionGesture
Flow - unknown - A flow's queue is full, could not add furhatos.event.monitors.MonitorGestureStart
Flow - unknown - A flow's queue is full, could not add furhatos.event.monitors.MonitorGestureStart
Flow - unknown - A flow's queue is full, could not add furhatos.event.monitors.MonitorGestureStart
Flow - unknown - A flow's queue is full, could not add furhatos.event.monitors.MonitorGestureStart

20:39:06 [ErrorLoggingThread] ERROR SpacereceptionistSkill:459 - Flow - unknown - A flow's queue is full, could not add furhatos.event.monitors.MonitorGestureEnd
Flow - unknown - A flow's queue is full, could not add furhatos.event.monitors.MonitorGestureEnd
Flow - unknown - A flow's queue is full, could not add furhatos.event.monitors.MonitorGestureEnd
Flow - unknown - A flow's queue is full, could not add furhatos.event.monitors.MonitorGestureEnd

20:39:07 [EventSystem] INFO  SpacereceptionistSkill:184 - Terminating skill
