17:18:19 [Skill] INFO  Skill:139 - Connecting to Furhat server on 145.94.156.35:1932
17:18:19 [MathTutorSkill] INFO  MathTutorSkill:166 - Starting skill
17:18:32 [ErrorLoggingThread] ERROR MathTutorSkill:459 - Exception in thread "MathTutorSkill" java.lang.NoClassDefFoundError: furhatos/app/mathtutor/SocketClient
	at furhatos.app.mathtutor.Affect.<init>(users.kt:14)
	at furhatos.app.mathtutor.UsersKt.getEmotion(users.kt:11)
	at furhatos.app.mathtutor.flow.InteractionKt$Start$1$2.invoke(interaction.kt:33)
	at furhatos.app.mathtutor.flow.InteractionKt$Start$1$2.invoke(interaction.kt)
	at furhatos.flow.kotlin.StateRunner.runReentryTrigger(StateRunner.kt:196)
	at furhatos.flow.kotlin.StateRunner.run(StateRunner.kt:67)
	at furhatos.flow.kotlin.Flow.tailRecRun(Flow.kt:148)
	at furhatos.flow.kotlin.Flow.run(Flow.kt:112)
	at furhatos.app.mathtutor.MathTutorSkill.start(main.kt:9)
	at furhatos.skills.Skill.initializeSkill(Skill.java:169)
	at furhatos.skills.Skill.lambda$startSkill$2(Skill.java:227)
	at java.lang.Thread.run(Thread.java:748)
Caused by: java.lang.ClassNotFoundException: furhatos.app.mathtutor.SocketClient
	at java.net.URLClassLoader.findClass(URLClassLoader.java:382)
	at java.lang.ClassLoader.loadClass(ClassLoader.java:418)
	at sun.misc.Launcher$AppClassLoader.loadClass(Launcher.java:352)
	at java.lang.ClassLoader.loadClass(ClassLoader.java:351)
	... 12 more

